#
# A fatal error has been detected by the Java Runtime Environment:
#
#  SIGSEGV (0xb) at pc=0x00000001ab3d6d94, pid=9437, tid=259
#
# JRE version: Java(TM) SE Runtime Environment (19.0.1+10) (build 19.0.1+10-21)
# Java VM: Java HotSpot(TM) 64-Bit Server VM (19.0.1+10-21, mixed mode, sharing, tiered, compressed oops, compressed class ptrs, g1 gc, bsd-aarch64)
# Problematic frame:
# C  [HIToolbox+0x109d94]  HIMenuBarView::InitialTitleExtra()+0x24
#
# No core dump will be written. Core dumps have been disabled. To enable core dumping, try "ulimit -c unlimited" before starting Java again
#
# If you would like to submit a bug report, please visit:
#   https://bugreport.java.com/bugreport/crash.jsp
# The crash happened outside the Java Virtual Machine in native code.
# See problematic frame for where to report the bug.
#

---------------  S U M M A R Y ------------

Command Line: 

Host: "MacBookAir10,1" arm64, 8 cores, 8G, Darwin 22.1.0, macOS 13.0.1 (22A400)
Time: Wed Mar 20 14:15:49 2024 WIB elapsed time: 1.345398 seconds (0d 0h 0m 1s)

---------------  T H R E A D  ---------------

Current thread (0x000000011eb46400):  JavaThread "AppKit Thread" [_thread_in_native, id=259, stack(0x0000000169edc000,0x000000016aedc000)]

Stack: [0x0000000169edc000,0x000000016aedc000],  sp=0x000000016aed5960,  free space=16358k
Native frames: (J=compiled Java code, j=interpreted, Vv=VM code, C=native code)
C  [HIToolbox+0x109d94]  HIMenuBarView::InitialTitleExtra()+0x24
C  [HIToolbox+0x274c4]  HIMenuBarView::EnsureBarLayout()+0x284
C  [HIToolbox+0x109094]  HIMenuBarView::DrawOnce(CGRect, CGRect, bool, HIMenuBarTextAppearance, CGContext*)+0xc4
C  [HIToolbox+0x108f90]  HIMenuBarView::DrawIntoWindow(unsigned int*, CGRect, double, CGRect, bool, HIMenuBarTextAppearance, CGContext*)+0x168
C  [HIToolbox+0x27134]  HIMenuBarView::DrawSelf(short, __HIShape const*, CGContext*)+0x110
C  [HIToolbox+0x26cd4]  HIMenuBarView::DrawingDelegateHandler(OpaqueEventHandlerCallRef*, OpaqueEventRef*, void*)+0x12c
C  [HIToolbox+0xa944]  DispatchEventToHandlers(EventTargetRec*, OpaqueEventRef*, HandlerCallRec*)+0x444
C  [HIToolbox+0x9dc4]  SendEventToEventTargetInternal(OpaqueEventRef*, OpaqueEventTargetRef*, HandlerCallRec*)+0x164
C  [HIToolbox+0x9c54]  SendEventToEventTargetWithOptions+0x2c
C  [HIToolbox+0x267cc]  HIView::SendDraw(short, OpaqueGrafPtr*, __HIShape const*, CGContext*)+0x14c
C  [HIToolbox+0x26304]  HIView::RecursiveDrawComposited(__HIShape const*, __HIShape const*, unsigned int, HIView*, CGContext*, unsigned char, double)+0x1d0
C  [HIToolbox+0x26474]  HIView::RecursiveDrawComposited(__HIShape const*, __HIShape const*, unsigned int, HIView*, CGContext*, unsigned char, double)+0x340
C  [HIToolbox+0x25da0]  HIView::DrawComposited(short, OpaqueGrafPtr*, __HIShape const*, unsigned int, HIView*, CGContext*)+0x2e4
C  [HIToolbox+0x3d304]  FlushWindowObject(WindowData*, void**, unsigned char)+0x29c
C  [HIToolbox+0x3cdfc]  FlushAllBuffers(__CFRunLoopObserver*, unsigned long, void*)+0xdc
C  [CoreFoundation+0x80de4]  __CFRUNLOOP_IS_CALLING_OUT_TO_AN_OBSERVER_CALLBACK_FUNCTION__+0x24
C  [CoreFoundation+0x80cd0]  __CFRunLoopDoObservers+0x214
C  [CoreFoundation+0x80410]  __CFRunLoopRun+0x418
C  [CoreFoundation+0x7f8a4]  CFRunLoopRunSpecific+0x264
C  [HIToolbox+0x323bc]  RunCurrentEventLoopInMode+0x124
C  [HIToolbox+0x32200]  ReceiveNextEventCommon+0x2a0
C  [HIToolbox+0x31f48]  _BlockUntilNextEventMatchingListInModeWithFilter+0x48
C  [AppKit+0x39630]  _DPSNextEvent+0x278
C  [AppKit+0x387c0]  -[NSApplication(NSEvent) _nextEventMatchingEventMask:untilDate:inMode:dequeue:]+0x2d8
C  [libosxapp.dylib+0x4260]  -[NSApplicationAWT nextEventMatchingMask:untilDate:inMode:dequeue:]+0x90
C  [AppKit+0x2cbf0]  -[NSApplication run]+0x1d0
C  [libosxapp.dylib+0x4018]  +[NSApplicationAWT runAWTLoopWithApp:]+0xd0
C  [libawt_lwawt.dylib+0x6ca80]  +[AWTStarter starter:headless:]+0x1e8
C  [libosxapp.dylib+0x5c90]  +[ThreadUtilities invokeBlockCopy:]+0x1c
C  [Foundation+0x79b30]  __NSThreadPerformPerform+0x108
C  [CoreFoundation+0x81a34]  __CFRUNLOOP_IS_CALLING_OUT_TO_A_SOURCE0_PERFORM_FUNCTION__+0x1c
C  [CoreFoundation+0x819c8]  __CFRunLoopDoSource0+0xb0
C  [CoreFoundation+0x81738]  __CFRunLoopDoSources0+0xf4
C  [CoreFoundation+0x8033c]  __CFRunLoopRun+0x344
C  [CoreFoundation+0x7f8a4]  CFRunLoopRunSpecific+0x264
C  [Foundation+0x613294]  -[NSRunLoop(NSRunLoop) limitDateForMode:]+0x80
C  [libffi.dylib+0x8050]  ffi_call_SYSV+0x50
C  [libffi.dylib+0x10af4]  ffi_call_int+0x4b8
C  [_objc.cpython-311-darwin.so+0x54f8c]  PyObjCFFI_Caller+0x500
C  [_objc.cpython-311-darwin.so+0x76c44]  objcsel_vectorcall+0x1b4
C  [Python+0x1bcba0]  _PyEval_EvalFrameDefault+0xce50
C  [Python+0x1aeac4]  PyEval_EvalCode+0x114
C  [Python+0x227cc8]  pyrun_file+0xf0
C  [Python+0x227498]  _PyRun_SimpleFileObject+0x120
C  [Python+0x226a0c]  _PyRun_AnyFileObject+0xe8
C  [Python+0x2500b4]  pymain_run_file_obj+0xdc
C  [Python+0x24f898]  pymain_run_file+0x48
C  [Python+0x24f0ac]  Py_RunMain+0x724
C  [Python+0x250230]  pymain_main+0x34
C  [Python+0x250a68]  Py_BytesMain+0x28
C  [dyld+0x5e50]  start+0x9f0


siginfo: si_signo: 11 (SIGSEGV), si_code: 2 (SEGV_ACCERR), si_addr: 0x0000000000000004

Registers:
 x0=0x0000000281de0e80  x1=0x00006000018bef30  x2=0x0000000063667374  x3=0x0000000000000000
 x4=0x0000000000000008  x5=0x0000000000000000  x6=0x000000016aed5978  x7=0x000000016aed5978
 x8=0x0000000000000000  x9=0x00000000ffffffff x10=0x0000000100000790 x11=0x007ffffffffffff8
x12=0x00000000ff0a48af x13=0x00000000000007fd x14=0x00000000ff2a50ae x15=0x00000000ff0a48af
x16=0x00000001fd28c5b0 x17=0x00000001fd28c5b0 x18=0x0000000000000000 x19=0x0000000281de0e80
x20=0x00000001ab5ba586 x21=0x00000001faeec650 x22=0x00000001ff212eb0 x23=0x00000001faeec000
x24=0x00000001faeec000 x25=0x0000000281de0f00 x26=0x0000000281de0ee0 x27=0x0000000281de10d8
x28=0x0000000000000000  fp=0x000000016aed59c0  lr=0x971e0001ab2f44c4  sp=0x000000016aed5960
pc=0x00000001ab3d6d94 cpsr=0x0000000060001000

Register to memory mapping:

 x0=0x0000000281de0e80 points into unknown readable memory: 0x00000001ff212b00 | 00 2b 21 ff 01 00 00 00
 x1=0x00006000018bef30 points into unknown readable memory: 0x000000011fbb9520 | 20 95 bb 1f 01 00 00 00
 x2=0x0000000063667374 is an unknown value
 x3=0x0 is NULL
 x4=0x0000000000000008 is an unknown value
 x5=0x0 is NULL
 x6=0x000000016aed5978 is pointing into the stack for thread: 0x000000011eb46400
 x7=0x000000016aed5978 is pointing into the stack for thread: 0x000000011eb46400
 x8=0x0 is NULL
 x9=0x00000000ffffffff is an unknown value
x10=0x0000000100000790 is an unknown value
x11=0x007ffffffffffff8 is an unknown value
x12=0x00000000ff0a48af is an unknown value
x13=0x00000000000007fd is an unknown value
x14=0x00000000ff2a50ae is an unknown value
x15=0x00000000ff0a48af is an unknown value
x16=0x00000001fd28c5b0: OBJC_CLASS_$___NSCFString+0 in /System/Library/Frameworks/CoreFoundation.framework/Versions/A/CoreFoundation at 0x00000001a1c0c000
x17=0x00000001fd28c5b0: OBJC_CLASS_$___NSCFString+0 in /System/Library/Frameworks/CoreFoundation.framework/Versions/A/CoreFoundation at 0x00000001a1c0c000
x18=0x0 is NULL
x19=0x0000000281de0e80 points into unknown readable memory: 0x00000001ff212b00 | 00 2b 21 ff 01 00 00 00
x20=0x00000001ab5ba586: <offset 0x2ed586> in /System/Library/Frameworks/Carbon.framework/Versions/A/Frameworks/HIToolbox.framework/Versions/A/HIToolbox at 0x00000001ab2cd000
x21=0x00000001faeec650: _ZZL14MBarViewClientvE5sOnce+0 in /System/Library/Frameworks/Carbon.framework/Versions/A/Frameworks/HIToolbox.framework/Versions/A/HIToolbox at 0x00000001ab2cd000
x22=0x00000001ff212eb0: __block_literal_global.184+0 in /System/Library/Frameworks/Carbon.framework/Versions/A/Frameworks/HIToolbox.framework/Versions/A/HIToolbox at 0x00000001ab2cd000
x23=0x00000001faeec000: _ZZN13HIBevelButton10GetClassIDEvE3sID+0 in /System/Library/Frameworks/Carbon.framework/Versions/A/Frameworks/HIToolbox.framework/Versions/A/HIToolbox at 0x00000001ab2cd000
x24=0x00000001faeec000: _ZZN13HIBevelButton10GetClassIDEvE3sID+0 in /System/Library/Frameworks/Carbon.framework/Versions/A/Frameworks/HIToolbox.framework/Versions/A/HIToolbox at 0x00000001ab2cd000
x25=0x0000000281de0f00 points into unknown readable memory: 0x0000000000000000 | 00 00 00 00 00 00 00 00
x26=0x0000000281de0ee0 points into unknown readable memory: 0x0000000000000000 | 00 00 00 00 00 00 00 00
x27=0x0000000281de10d8 points into unknown readable memory: 0x4093c00000000000 | 00 00 00 00 00 c0 93 40
x28=0x0 is NULL


Top of Stack: (sp=0x000000016aed5960)
0x000000016aed5960:   000000016aed5980 1c628001ab2de610
0x000000016aed5970:   000000011fbb7f30 0000000281de0e80
0x000000016aed5980:   4096800000000000 4096800000000000
0x000000016aed5990:   00000001faeec000 00000001faeec000
0x000000016aed59a0:   00000001ff212eb0 00000001faeec650
0x000000016aed59b0:   00000001ab5ba586 0000000281de0e80
0x000000016aed59c0:   000000016aed5a90 971e0001ab2f44c4
0x000000016aed59d0:   0000000000000001 0ba136e9ff9500fa
0x000000016aed59e0:   0000000000000004 0000600001842f80
0x000000016aed59f0:   000000016aed5d80 000f000000000001
0x000000016aed5a00:   00000000449e0000 0000000000000000
0x000000016aed5a10:   0000000041900000 ffffffff00000000
0x000000016aed5a20:   0000000100000000 0000000000000001
0x000000016aed5a30:   4096800000000000 4038000000000000
0x000000016aed5a40:   0000000000000000 0000000000000001
0x000000016aed5a50:   0000000000000004 0000600001842f80
0x000000016aed5a60:   000000016aed5d80 0000000000000001
0x000000016aed5a70:   0000600000e392c0 0000000000000001
0x000000016aed5a80:   0000600000e392c0 0000000281de0e80
0x000000016aed5a90:   000000016aed5bd0 d7248001ab3d6094
0x000000016aed5aa0:   0000600000e392c0 000000011fbbe000
0x000000016aed5ab0:   0000000000000001 0000600000000001
0x000000016aed5ac0:   000000016aed5ae0 15290001a6caea50
0x000000016aed5ad0:   0000000000000001 0000600000e39200
0x000000016aed5ae0:   000000016aed5b00 b4168001a6cae3e0
0x000000016aed5af0:   000000011fbbe000 0000600000e392c0
0x000000016aed5b00:   000000016aed5b20 e3250001a6d0d588
0x000000016aed5b10:   00006000039eea90 00000001a68806ac
0x000000016aed5b20:   000000016aed5b70 0ba136e9ff9500fa
0x000000016aed5b30:   0000000000000004 0000000000000000
0x000000016aed5b40:   0000000000000000 4096800000000000
0x000000016aed5b50:   4038000000000000 bff0000000000000 

Instructions: (pc=0x00000001ab3d6d94)
0x00000001ab3d6c94:   d503237f d10103ff a90157f6 a9024ff4
0x00000001ab3d6ca4:   a9037bfd 9100c3fd aa0003f3 f9411800
0x00000001ab3d6cb4:   97fc76ef f9411a60 97fc1e4c aa0003f4
0x00000001ab3d6cc4:   b4000220 d2800015 aa1303e0 aa1403e1
0x00000001ab3d6cd4:   9400049c f9412668 bc357900 aa1403e0
0x00000001ab3d6ce4:   97fc246b 34000040 b9026e75 f9411a60
0x00000001ab3d6cf4:   97fc1e3e aa0003f4 910006b5 b5fffe60
0x00000001ab3d6d04:   aa1503f4 b9426a68 6b08029f 5400018a
0x00000001ab3d6d14:   d027d8a8 f9432908 b100051f 540001c1
0x00000001ab3d6d24:   d027d8a8 f9432d00 b9426a68 a90023f4
0x00000001ab3d6d34:   90000f21 91210821 9405805c aa1403e0
0x00000001ab3d6d44:   a9437bfd a9424ff4 a94157f6 910103ff
0x00000001ab3d6d54:   d65f0fff d027d8a0 91194000 9029f1e1
0x00000001ab3d6d64:   913ac021 94072b84 17ffffee d503237f
0x00000001ab3d6d74:   d101c3ff 6d0223e9 a9035ff8 a90457f6
0x00000001ab3d6d84:   a9054ff4 a9067bfd 910183fd f9414008
0x00000001ab3d6d94:   b9400509 d027d8b6 d027d8b5 b027d8b7
0x00000001ab3d6da4:   34000949 aa0003f3 bd400900 5e21d800
0x00000001ab3d6db4:   fd42dae1 1e624021 940004e5 aa0003f4
0x00000001ab3d6dc4:   f9432ac8 b100051f 54000c21 f9432ea0
0x00000001ab3d6dd4:   b9426a68 a90023f4 90000f21 91222021
0x00000001ab3d6de4:   94058032 b9426a68 6b08029f 540006ea
0x00000001ab3d6df4:   b9001fff 51000508 6b08029f 54000201
0x00000001ab3d6e04:   f9432ac8 b100051f 54000ba1 f9432ea0
0x00000001ab3d6e14:   90000f21 91232421 94058024 f9414268
0x00000001ab3d6e24:   bd400900 5e21d800 910073e2 aa1303e0
0x00000001ab3d6e34:   aa1403e1 940004f7 35000440 f9414268
0x00000001ab3d6e44:   bd400900 5e21d800 aa1303e0 aa1403e1
0x00000001ab3d6e54:   94000581 1e204008 1e279000 1e202100
0x00000001ab3d6e64:   5400048d f9432ac8 b100051f 54000941
0x00000001ab3d6e74:   f9432ea0 90000f21 9124b421 9405800b
0x00000001ab3d6e84:   f9432ac8 b100051f 54000921 f9432ea0 


Stack slot to memory mapping:
stack at sp + 0 slots: 0x000000016aed5980 is pointing into the stack for thread: 0x000000011eb46400
stack at sp + 1 slots: 0x1c628001ab2de610: _Z17_MenuIterNextDataP21OpaqueMenuIteratorRef+0x24 in /System/Library/Frameworks/Carbon.framework/Versions/A/Frameworks/HIToolbox.framework/Versions/A/HIToolbox at 0x00000001ab2cd000
stack at sp + 2 slots: 0x000000011fbb7f30 points into unknown readable memory: 0x00000001ff21db50 | 50 db 21 ff 01 00 00 00
stack at sp + 3 slots: 0x0000000281de0e80 points into unknown readable memory: 0x00000001ff212b00 | 00 2b 21 ff 01 00 00 00
stack at sp + 4 slots: 0x4096800000000000 is an unknown value
stack at sp + 5 slots: 0x4096800000000000 is an unknown value
stack at sp + 6 slots: 0x00000001faeec000: _ZZN13HIBevelButton10GetClassIDEvE3sID+0 in /System/Library/Frameworks/Carbon.framework/Versions/A/Frameworks/HIToolbox.framework/Versions/A/HIToolbox at 0x00000001ab2cd000
stack at sp + 7 slots: 0x00000001faeec000: _ZZN13HIBevelButton10GetClassIDEvE3sID+0 in /System/Library/Frameworks/Carbon.framework/Versions/A/Frameworks/HIToolbox.framework/Versions/A/HIToolbox at 0x00000001ab2cd000


---------------  P R O C E S S  ---------------

Threads class SMR info:
_java_thread_list=0x0000600003ba05e0, length=18, elements={
0x000000011eb46400, 0x000000011f0f9200, 0x000000011f0f4c00, 0x000000011f0f9e00,
0x000000011ec09600, 0x000000011ec0fe00, 0x000000011ec10400, 0x000000011ec10a00,
0x000000011ec11000, 0x000000011ec11600, 0x000000011ebf7000, 0x000000011f0f0800,
0x000000011ec9a200, 0x00000001280cc200, 0x000000011f305400, 0x000000011ec83400,
0x00000001284c2400, 0x000000010ecd7600
}

Java Threads: ( => current thread )
=>0x000000011eb46400 JavaThread "AppKit Thread" [_thread_in_native, id=259, stack(0x0000000169edc000,0x000000016aedc000)]
  0x000000011f0f9200 JavaThread "Reference Handler" daemon [_thread_blocked, id=19203, stack(0x000000017ec90000,0x000000017ee93000)]
  0x000000011f0f4c00 JavaThread "Finalizer" daemon [_thread_blocked, id=19715, stack(0x000000017ee9c000,0x000000017f09f000)]
  0x000000011f0f9e00 JavaThread "Signal Dispatcher" daemon [_thread_blocked, id=21763, stack(0x000000017f0a8000,0x000000017f2ab000)]
  0x000000011ec09600 JavaThread "Service Thread" daemon [_thread_blocked, id=22019, stack(0x000000017f2b4000,0x000000017f4b7000)]
  0x000000011ec0fe00 JavaThread "Monitor Deflation Thread" daemon [_thread_blocked, id=32259, stack(0x000000017f4c0000,0x000000017f6c3000)]
  0x000000011ec10400 JavaThread "C2 CompilerThread0" daemon [_thread_blocked, id=32003, stack(0x000000017f6cc000,0x000000017f8cf000)]
  0x000000011ec10a00 JavaThread "C1 CompilerThread0" daemon [_thread_blocked, id=23043, stack(0x000000017f8d8000,0x000000017fadb000)]
  0x000000011ec11000 JavaThread "Sweeper thread" daemon [_thread_blocked, id=23299, stack(0x000000017fae4000,0x000000017fce7000)]
  0x000000011ec11600 JavaThread "Notification Thread" daemon [_thread_blocked, id=23555, stack(0x000000017fcf0000,0x000000017fef3000)]
  0x000000011ebf7000 JavaThread "Common-Cleaner" daemon [_thread_blocked, id=30723, stack(0x0000000280210000,0x0000000280413000)]
  0x000000011f0f0800 JavaThread "Python Reference Queue" daemon [_thread_blocked, id=30211, stack(0x000000028041c000,0x000000028061f000)]
  0x000000011ec9a200 JavaThread "Java2D Queue Flusher" daemon [_thread_blocked, id=34331, stack(0x0000000281304000,0x0000000281507000)]
  0x00000001280cc200 JavaThread "Java2D Disposer" daemon [_thread_blocked, id=40963, stack(0x0000000281510000,0x0000000281713000)]
  0x000000011f305400 JavaThread "Thread-1" [_thread_in_native, id=44043, stack(0x000000028340c000,0x000000028360f000)]
  0x000000011ec83400 JavaThread "AWT-Shutdown" [_thread_blocked, id=63491, stack(0x00000002843a4000,0x00000002845a7000)]
  0x00000001284c2400 JavaThread "Image Fetcher 0" daemon [_thread_blocked, id=86535, stack(0x000000028b840000,0x000000028ba43000)]
  0x000000010ecd7600 JavaThread "AWT-EventQueue-0" [_thread_blocked, id=83719, stack(0x000000028e354000,0x000000028e557000)]

Other Threads:
  0x000000012f084280 VMThread "VM Thread" [stack: 0x000000017a91c000,0x000000017ab1f000] [id=21507]
  0x000000012f087b00 WatcherThread "VM Periodic Task Thread" [stack: 0x0000000280004000,0x0000000280207000] [id=31235]
  0x000000012f07fcb0 WorkerThread "GC Thread#0" [stack: 0x0000000179ee0000,0x000000017a0e3000] [id=15619]
  0x000000012f08cd80 WorkerThread "GC Thread#1" [stack: 0x0000000280628000,0x000000028082b000] [id=29699]
  0x000000012f08d220 WorkerThread "GC Thread#2" [stack: 0x0000000280834000,0x0000000280a37000] [id=24067]
  0x0000000281bb72a0 WorkerThread "GC Thread#3" [stack: 0x000000028ba4c000,0x000000028bc4f000] [id=66051]
  0x0000000281bb0670 WorkerThread "GC Thread#4" [stack: 0x000000028bc58000,0x000000028be5b000] [id=86019]
  0x0000000281bb87d0 WorkerThread "GC Thread#5" [stack: 0x000000028be64000,0x000000028c067000] [id=85763]
  0x0000000281bb8ee0 WorkerThread "GC Thread#6" [stack: 0x000000028c070000,0x000000028c273000] [id=85251]
  0x0000000281bb9380 WorkerThread "GC Thread#7" [stack: 0x000000028c27c000,0x000000028c47f000] [id=66563]
  0x000000012f0801b0 ConcurrentGCThread "G1 Main Marker" [stack: 0x000000017a0ec000,0x000000017a2ef000] [id=15363]
  0x000000012f080880 WorkerThread "G1 Conc#0" [stack: 0x000000017a2f8000,0x000000017a4fb000] [id=11523]
  0x000000012f080f40 ConcurrentGCThread "G1 Refine#0" [stack: 0x000000017a504000,0x000000017a707000] [id=14083]
  0x000000012f0816a0 ConcurrentGCThread "G1 Service" [stack: 0x000000017a710000,0x000000017a913000] [id=12035]

Threads with active compile tasks:

VM state: not at safepoint (normal execution)

VM Mutex/Monitor currently owned by a thread: None

Heap address: 0x0000000780000000, size: 2048 MB, Compressed Oops mode: Zero based, Oop shift amount: 3

CDS archive(s) mapped at: [0x0000000800000000-0x0000000800c44000-0x0000000800c44000), size 12861440, SharedBaseAddress: 0x0000000800000000, ArchiveRelocationMode: 0.
Compressed class space mapped at: 0x0000000801000000-0x0000000841000000, reserved size: 1073741824
Narrow klass base: 0x0000000800000000, Narrow klass shift: 0, Narrow klass range: 0x100000000

GC Precious Log:
 CardTable entry size: 512
 Card Set container configuration: InlinePtr #cards 5 size 8 Array Of Cards #cards 12 size 40 Howl #buckets 4 coarsen threshold 1843 Howl Bitmap #cards 512 size 80 coarsen threshold 460 Card regions per heap region 1 cards per card region 2048
 CPUs: 8 total, 8 available
 Memory: 8192M
 Large Page Support: Disabled
 NUMA Support: Disabled
 Compressed Oops: Enabled (Zero based)
 Heap Region Size: 1M
 Heap Min Capacity: 8M
 Heap Initial Capacity: 128M
 Heap Max Capacity: 2G
 Pre-touch: Disabled
 Parallel Workers: 8
 Concurrent Workers: 2
 Concurrent Refinement Workers: 8
 Periodic GC: Disabled

Heap:
 garbage-first heap   total 27648K, used 12641K [0x0000000780000000, 0x0000000800000000)
  region size 1024K, 1 young (1024K), 0 survivors (0K)
 Metaspace       used 10413K, committed 10752K, reserved 1114112K
  class space    used 1027K, committed 1216K, reserved 1048576K

Heap Regions: E=young(eden), S=young(survivor), O=old, HS=humongous(starts), HC=humongous(continues), CS=collection set, F=free, OA=open archive, CA=closed archive, TAMS=top-at-mark-start (previous, next)
|   0|0x0000000780000000, 0x00000007800ffff8, 0x0000000780100000| 99%| O|  |TAMS 0x00000007800ffff8, 0x0000000780000000| Untracked 
|   1|0x0000000780100000, 0x00000007801fffd0, 0x0000000780200000| 99%| O|  |TAMS 0x00000007801fffd0, 0x0000000780100000| Untracked 
|   2|0x0000000780200000, 0x00000007802fffd0, 0x0000000780300000| 99%| O|  |TAMS 0x00000007802fffd0, 0x0000000780200000| Untracked 
|   3|0x0000000780300000, 0x0000000780400000, 0x0000000780400000|100%| O|  |TAMS 0x0000000780400000, 0x0000000780300000| Untracked 
|   4|0x0000000780400000, 0x00000007804ffff0, 0x0000000780500000| 99%| O|  |TAMS 0x00000007804ffff0, 0x0000000780400000| Untracked 
|   5|0x0000000780500000, 0x00000007805b4168, 0x0000000780600000| 70%| O|  |TAMS 0x0000000780500000, 0x0000000780500000| Untracked 
|   6|0x0000000780600000, 0x00000007806ac5b8, 0x0000000780700000| 67%| O|  |TAMS 0x0000000780600000, 0x0000000780600000| Untracked 
|   7|0x0000000780700000, 0x0000000780800000, 0x0000000780800000|100%|HS|  |TAMS 0x0000000780800000, 0x0000000780700000| Untracked 
|   8|0x0000000780800000, 0x0000000780900000, 0x0000000780900000|100%|HC|  |TAMS 0x0000000780900000, 0x0000000780800000| Untracked 
|   9|0x0000000780900000, 0x0000000780a00000, 0x0000000780a00000|100%|HS|  |TAMS 0x0000000780a00000, 0x0000000780900000| Untracked 
|  10|0x0000000780a00000, 0x0000000780b00000, 0x0000000780b00000|100%|HC|  |TAMS 0x0000000780b00000, 0x0000000780a00000| Untracked 
|  11|0x0000000780b00000, 0x0000000780b00000, 0x0000000780c00000|  0%| F|  |TAMS 0x0000000780b00000, 0x0000000780b00000| Untracked 
|  12|0x0000000780c00000, 0x0000000780d00000, 0x0000000780d00000|100%| O|  |TAMS 0x0000000780d00000, 0x0000000780c00000| Untracked 
|  13|0x0000000780d00000, 0x0000000780d00000, 0x0000000780e00000|  0%| F|  |TAMS 0x0000000780d00000, 0x0000000780d00000| Untracked 
|  14|0x0000000780e00000, 0x0000000780e00000, 0x0000000780f00000|  0%| F|  |TAMS 0x0000000780e00000, 0x0000000780e00000| Untracked 
|  15|0x0000000780f00000, 0x0000000780f00000, 0x0000000781000000|  0%| F|  |TAMS 0x0000000780f00000, 0x0000000780f00000| Untracked 
|  16|0x0000000781000000, 0x0000000781000000, 0x0000000781100000|  0%| F|  |TAMS 0x0000000781000000, 0x0000000781000000| Untracked 
|  17|0x0000000781100000, 0x0000000781100000, 0x0000000781200000|  0%| F|  |TAMS 0x0000000781100000, 0x0000000781100000| Untracked 
|  18|0x0000000781200000, 0x0000000781200000, 0x0000000781300000|  0%| F|  |TAMS 0x0000000781200000, 0x0000000781200000| Untracked 
|  19|0x0000000781300000, 0x0000000781300000, 0x0000000781400000|  0%| F|  |TAMS 0x0000000781300000, 0x0000000781300000| Untracked 
|  20|0x0000000781400000, 0x0000000781400000, 0x0000000781500000|  0%| F|  |TAMS 0x0000000781400000, 0x0000000781400000| Untracked 
|  21|0x0000000781500000, 0x0000000781500000, 0x0000000781600000|  0%| F|  |TAMS 0x0000000781500000, 0x0000000781500000| Untracked 
|  22|0x0000000781600000, 0x0000000781600000, 0x0000000781700000|  0%| F|  |TAMS 0x0000000781600000, 0x0000000781600000| Untracked 
|  23|0x0000000781700000, 0x0000000781700000, 0x0000000781800000|  0%| F|  |TAMS 0x0000000781700000, 0x0000000781700000| Untracked 
|  24|0x0000000781800000, 0x00000007818fa698, 0x0000000781900000| 97%| E|  |TAMS 0x0000000781800000, 0x0000000781800000| Complete 
|2046|0x00000007ffe00000, 0x00000007ffe78000, 0x00000007fff00000| 46%|OA|  |TAMS 0x00000007ffe78000, 0x00000007ffe00000| Untracked 
|2047|0x00000007fff00000, 0x00000007fff80000, 0x0000000800000000| 50%|CA|  |TAMS 0x00000007fff00000, 0x00000007fff00000| Untracked 

Card table byte_map: [0x000000012f8d8000,0x000000012fcd8000] _byte_map_base: 0x000000012bcd8000

Marking Bits (Prev, Next): (CMBitMap*) 0x000000011eb5fc50, (CMBitMap*) 0x000000011eb5fc10
 Prev Bits: [0x0000000163f14000, 0x0000000165f14000)
 Next Bits: [0x0000000161f14000, 0x0000000163f14000)

Polling page: 0x0000000104fac000

Metaspace:

Usage:
  Non-class:      9.17 MB used.
      Class:      1.00 MB used.
       Both:     10.17 MB used.

Virtual space:
  Non-class space:       64.00 MB reserved,       9.31 MB ( 15%) committed,  1 nodes.
      Class space:        1.00 GB reserved,       1.19 MB ( <1%) committed,  1 nodes.
             Both:        1.06 GB reserved,      10.50 MB ( <1%) committed. 

Chunk freelists:
   Non-Class:  2.46 MB
       Class:  2.74 MB
        Both:  5.20 MB

MaxMetaspaceSize: unlimited
CompressedClassSpaceSize: 1.00 GB
Initial GC threshold: 21.00 MB
Current GC threshold: 21.00 MB
CDS: on
MetaspaceReclaimPolicy: balanced
 - commit_granule_bytes: 65536.
 - commit_granule_words: 8192.
 - virtual_space_node_default_size: 8388608.
 - enlarge_chunks_in_place: 1.
 - new_chunks_are_fully_committed: 0.
 - uncommit_free_chunks: 1.
 - use_allocation_guard: 0.


Internal statistics:

num_allocs_failed_limit: 0.
num_arena_births: 240.
num_arena_deaths: 0.
num_vsnodes_births: 2.
num_vsnodes_deaths: 0.
num_space_committed: 168.
num_space_uncommitted: 0.
num_chunks_returned_to_freelist: 0.
num_chunks_taken_from_freelist: 374.
num_chunk_merges: 0.
num_chunk_splits: 241.
num_chunks_enlarged: 130.
num_inconsistent_stats: 0.

CodeHeap 'non-profiled nmethods': size=120032Kb used=515Kb max_used=515Kb free=119516Kb
 bounds [0x00000001729a4000, 0x0000000172c14000, 0x0000000179edc000]
CodeHeap 'profiled nmethods': size=120016Kb used=2572Kb max_used=2572Kb free=117443Kb
 bounds [0x000000016aedc000, 0x000000016b16c000, 0x0000000172410000]
CodeHeap 'non-nmethods': size=5712Kb used=1352Kb max_used=1381Kb free=4359Kb
 bounds [0x0000000172410000, 0x0000000172680000, 0x00000001729a4000]
 total_blobs=2109 nmethods=1440 adapters=583
 compilation: enabled
              stopped_count=0, restarted_count=0
 full_count=0

Compilation events (20 events):
Event: 1.292 Thread 0x000000011ec10a00 nmethod 1431 0x000000016b15aa10 code [0x000000016b15ac00, 0x000000016b15aff8]
Event: 1.296 Thread 0x000000011ec10400 nmethod 1429 0x0000000172a22b10 code [0x0000000172a22d00, 0x0000000172a232d0]
Event: 1.313 Thread 0x000000011ec10a00 1434       3       java.lang.invoke.LambdaForm$MH/0x0000000801001400::invoke (25 bytes)
Event: 1.313 Thread 0x000000011ec10a00 nmethod 1434 0x000000016b15b110 code [0x000000016b15b300, 0x000000016b15b890]
Event: 1.313 Thread 0x000000011ec10a00 1436       3       java.lang.invoke.DirectMethodHandle$Holder::invokeSpecial (15 bytes)
Event: 1.313 Thread 0x000000011ec10a00 nmethod 1436 0x000000016b15ba10 code [0x000000016b15bc00, 0x000000016b15c1d0]
Event: 1.314 Thread 0x000000011ec10a00 1437       1       sun.lwawt.LWComponentPeer::getStateLock (5 bytes)
Event: 1.314 Thread 0x000000011ec10a00 nmethod 1437 0x0000000172a23f10 code [0x0000000172a240c0, 0x0000000172a24158]
Event: 1.314 Thread 0x000000011ec10a00 1438       3       sun.net.www.ParseUtil::firstEncodeIndex (86 bytes)
Event: 1.314 Thread 0x000000011ec10400 1441       4       java.util.concurrent.locks.AbstractQueuedSynchronizer::compareAndSetState (13 bytes)
Event: 1.314 Thread 0x000000011ec10a00 nmethod 1438 0x000000016b15c310 code [0x000000016b15c5c0, 0x000000016b15cf08]
Event: 1.314 Thread 0x000000011ec10a00 1439       1       java.awt.Component::getParent_NoClientCode (5 bytes)
Event: 1.314 Thread 0x000000011ec10a00 nmethod 1439 0x0000000172a24210 code [0x0000000172a243c0, 0x0000000172a24458]
Event: 1.314 Thread 0x000000011ec10a00 1440       3       java.awt.Component::getTreeLock (4 bytes)
Event: 1.314 Thread 0x000000011ec10a00 nmethod 1440 0x000000016b15d310 code [0x000000016b15d4c0, 0x000000016b15d5d8]
Event: 1.314 Thread 0x000000011ec10400 nmethod 1441 0x0000000172a24510 code [0x0000000172a24680, 0x0000000172a24710]
Event: 1.315 Thread 0x000000011ec10400 1442       4       sun.java2d.loops.GraphicsPrimitiveMgr$1::compare (13 bytes)
Event: 1.315 Thread 0x000000011ec10400 nmethod 1442 0x0000000172a24810 code [0x0000000172a249c0, 0x0000000172a24b10]
Event: 1.321 Thread 0x000000011ec10a00 1443       3       java.lang.invoke.MemberName::<init> (139 bytes)
Event: 1.321 Thread 0x000000011ec10a00 nmethod 1443 0x000000016b15d690 code [0x000000016b15da80, 0x000000016b15ebc8]

GC Heap History (20 events):
Event: 0.356 GC heap before
{Heap before GC invocations=1 (full 1):
 garbage-first heap   total 17408K, used 5544K [0x0000000780000000, 0x0000000800000000)
  region size 1024K, 4 young (4096K), 0 survivors (0K)
 Metaspace       used 3190K, committed 3392K, reserved 1114112K
  class space    used 259K, committed 384K, reserved 1048576K
}
Event: 0.357 GC heap after
{Heap after GC invocations=2 (full 1):
 garbage-first heap   total 17408K, used 2984K [0x0000000780000000, 0x0000000800000000)
  region size 1024K, 1 young (1024K), 1 survivors (1024K)
 Metaspace       used 3190K, committed 3392K, reserved 1114112K
  class space    used 259K, committed 384K, reserved 1048576K
}
Event: 0.392 GC heap before
{Heap before GC invocations=2 (full 1):
 garbage-first heap   total 17408K, used 7080K [0x0000000780000000, 0x0000000800000000)
  region size 1024K, 5 young (5120K), 1 survivors (1024K)
 Metaspace       used 3741K, committed 3968K, reserved 1114112K
  class space    used 309K, committed 384K, reserved 1048576K
}
Event: 0.393 GC heap after
{Heap after GC invocations=3 (full 1):
 garbage-first heap   total 17408K, used 3387K [0x0000000780000000, 0x0000000800000000)
  region size 1024K, 1 young (1024K), 1 survivors (1024K)
 Metaspace       used 3741K, committed 3968K, reserved 1114112K
  class space    used 309K, committed 384K, reserved 1048576K
}
Event: 0.400 GC heap before
{Heap before GC invocations=3 (full 1):
 garbage-first heap   total 17408K, used 8507K [0x0000000780000000, 0x0000000800000000)
  region size 1024K, 6 young (6144K), 1 survivors (1024K)
 Metaspace       used 3757K, committed 3968K, reserved 1114112K
  class space    used 309K, committed 384K, reserved 1048576K
}
Event: 0.401 GC heap after
{Heap after GC invocations=4 (full 1):
 garbage-first heap   total 17408K, used 3863K [0x0000000780000000, 0x0000000800000000)
  region size 1024K, 1 young (1024K), 1 survivors (1024K)
 Metaspace       used 3757K, committed 3968K, reserved 1114112K
  class space    used 309K, committed 384K, reserved 1048576K
}
Event: 0.406 GC heap before
{Heap before GC invocations=4 (full 1):
 garbage-first heap   total 17408K, used 8983K [0x0000000780000000, 0x0000000800000000)
  region size 1024K, 6 young (6144K), 1 survivors (1024K)
 Metaspace       used 3765K, committed 3968K, reserved 1114112K
  class space    used 309K, committed 384K, reserved 1048576K
}
Event: 0.407 GC heap after
{Heap after GC invocations=5 (full 1):
 garbage-first heap   total 17408K, used 4362K [0x0000000780000000, 0x0000000800000000)
  region size 1024K, 1 young (1024K), 1 survivors (1024K)
 Metaspace       used 3765K, committed 3968K, reserved 1114112K
  class space    used 309K, committed 384K, reserved 1048576K
}
Event: 0.411 GC heap before
{Heap before GC invocations=5 (full 1):
 garbage-first heap   total 17408K, used 9482K [0x0000000780000000, 0x0000000800000000)
  region size 1024K, 6 young (6144K), 1 survivors (1024K)
 Metaspace       used 3775K, committed 3968K, reserved 1114112K
  class space    used 309K, committed 384K, reserved 1048576K
}
Event: 0.412 GC heap after
{Heap after GC invocations=6 (full 1):
 garbage-first heap   total 74752K, used 4853K [0x0000000780000000, 0x0000000800000000)
  region size 1024K, 1 young (1024K), 1 survivors (1024K)
 Metaspace       used 3775K, committed 3968K, reserved 1114112K
  class space    used 309K, committed 384K, reserved 1048576K
}
Event: 0.445 GC heap before
{Heap before GC invocations=6 (full 1):
 garbage-first heap   total 74752K, used 25333K [0x0000000780000000, 0x0000000800000000)
  region size 1024K, 22 young (22528K), 1 survivors (1024K)
 Metaspace       used 3835K, committed 4032K, reserved 1114112K
  class space    used 310K, committed 384K, reserved 1048576K
}
Event: 0.452 GC heap after
{Heap after GC invocations=7 (full 2):
 garbage-first heap   total 27648K, used 6725K [0x0000000780000000, 0x0000000800000000)
  region size 1024K, 0 young (0K), 0 survivors (0K)
 Metaspace       used 3835K, committed 4032K, reserved 1114112K
  class space    used 310K, committed 384K, reserved 1048576K
}
Event: 0.491 GC heap before
{Heap before GC invocations=7 (full 2):
 garbage-first heap   total 27648K, used 6725K [0x0000000780000000, 0x0000000800000000)
  region size 1024K, 1 young (1024K), 0 survivors (0K)
 Metaspace       used 3836K, committed 4032K, reserved 1114112K
  class space    used 310K, committed 384K, reserved 1048576K
}
Event: 0.496 GC heap after
{Heap after GC invocations=8 (full 3):
 garbage-first heap   total 27648K, used 6725K [0x0000000780000000, 0x0000000800000000)
  region size 1024K, 0 young (0K), 0 survivors (0K)
 Metaspace       used 3836K, committed 4032K, reserved 1114112K
  class space    used 310K, committed 384K, reserved 1048576K
}
Event: 0.496 GC heap before
{Heap before GC invocations=8 (full 3):
 garbage-first heap   total 27648K, used 6725K [0x0000000780000000, 0x0000000800000000)
  region size 1024K, 1 young (1024K), 0 survivors (0K)
 Metaspace       used 3836K, committed 4032K, reserved 1114112K
  class space    used 310K, committed 384K, reserved 1048576K
}
Event: 0.500 GC heap after
{Heap after GC invocations=9 (full 4):
 garbage-first heap   total 27648K, used 6725K [0x0000000780000000, 0x0000000800000000)
  region size 1024K, 0 young (0K), 0 survivors (0K)
 Metaspace       used 3836K, committed 4032K, reserved 1114112K
  class space    used 310K, committed 384K, reserved 1048576K
}
Event: 1.202 GC heap before
{Heap before GC invocations=9 (full 4):
 garbage-first heap   total 27648K, used 21061K [0x0000000780000000, 0x0000000800000000)
  region size 1024K, 12 young (12288K), 0 survivors (0K)
 Metaspace       used 8796K, committed 9088K, reserved 1114112K
  class space    used 832K, committed 960K, reserved 1048576K
}
Event: 1.203 GC heap after
{Heap after GC invocations=10 (full 4):
 garbage-first heap   total 27648K, used 10652K [0x0000000780000000, 0x0000000800000000)
  region size 1024K, 2 young (2048K), 2 survivors (2048K)
 Metaspace       used 8796K, committed 9088K, reserved 1114112K
  class space    used 832K, committed 960K, reserved 1048576K
}
Event: 1.224 GC heap before
{Heap before GC invocations=10 (full 4):
 garbage-first heap   total 27648K, used 13724K [0x0000000780000000, 0x0000000800000000)
  region size 1024K, 4 young (4096K), 2 survivors (2048K)
 Metaspace       used 9461K, committed 9728K, reserved 1114112K
  class space    used 898K, committed 1024K, reserved 1048576K
}
Event: 1.229 GC heap after
{Heap after GC invocations=11 (full 5):
 garbage-first heap   total 27648K, used 12641K [0x0000000780000000, 0x0000000800000000)
  region size 1024K, 0 young (0K), 0 survivors (0K)
 Metaspace       used 9461K, committed 9728K, reserved 1114112K
  class space    used 898K, committed 1024K, reserved 1048576K
}

Dll operation events (12 events):
Event: 0.004 Loaded shared library /Library/Java/JavaVirtualMachines/jdk-19.jdk/Contents/Home/lib/libjava.dylib
Event: 0.016 Loaded shared library /Library/Java/JavaVirtualMachines/jdk-19.jdk/Contents/Home/lib/libnio.dylib
Event: 0.018 Loaded shared library /Library/Java/JavaVirtualMachines/jdk-19.jdk/Contents/Home/lib/libzip.dylib
Event: 0.047 Loaded shared library /Library/Frameworks/Python.framework/Versions/3.11/lib/python3.11/site-packages/_jpype.cpython-311-darwin.so
Event: 0.182 Loaded shared library /Library/Java/JavaVirtualMachines/jdk-19.jdk/Contents/Home/lib/libawt.dylib
Event: 0.218 Loaded shared library /Library/Java/JavaVirtualMachines/jdk-19.jdk/Contents/Home/lib/libawt_lwawt.dylib
Event: 0.222 Loaded shared library /Library/Java/JavaVirtualMachines/jdk-19.jdk/Contents/Home/lib/libjimage.dylib
Event: 0.234 Loaded shared library /Library/Java/JavaVirtualMachines/jdk-19.jdk/Contents/Home/lib/libfontmanager.dylib
Event: 1.085 Loaded shared library /private/var/folders/_7/qkbk89t113jgsjl7h86v5chm0000gn/T/processing11576934065870290299different/libDifferent.jnilib
Event: 1.132 Loaded shared library /Library/Java/JavaVirtualMachines/jdk-19.jdk/Contents/Home/lib/libosxui.dylib
Event: 1.183 Loaded shared library /Library/Java/JavaVirtualMachines/jdk-19.jdk/Contents/Home/lib/libmanagement.dylib
Event: 1.185 Loaded shared library /Library/Java/JavaVirtualMachines/jdk-19.jdk/Contents/Home/lib/libmanagement_ext.dylib

Deoptimization events (20 events):
Event: 1.174 Thread 0x000000011f305400 Uncommon trap: trap_request=0xffffffc6 fr.pc=0x00000001729c7d0c relative=0x000000000000150c
Event: 1.174 Thread 0x000000011f305400 Uncommon trap: reason=bimorphic_or_optimized_type_check action=maybe_recompile pc=0x00000001729c7d0c method=java.util.HashMap.putVal(ILjava/lang/Object;Ljava/lang/Object;ZZ)Ljava/lang/Object; @ 56 c2
Event: 1.174 Thread 0x000000011f305400 DEOPT PACKING pc=0x00000001729c7d0c sp=0x000000028360d4c0
Event: 1.174 Thread 0x000000011f305400 DEOPT UNPACKING pc=0x000000017245f21c sp=0x000000028360d410 mode 2
Event: 1.174 Thread 0x000000011f305400 Uncommon trap: trap_request=0xffffffc6 fr.pc=0x00000001729c7e80 relative=0x0000000000001680
Event: 1.174 Thread 0x000000011f305400 Uncommon trap: reason=bimorphic_or_optimized_type_check action=maybe_recompile pc=0x00000001729c7e80 method=java.util.HashMap.putVal(ILjava/lang/Object;Ljava/lang/Object;ZZ)Ljava/lang/Object; @ 152 c2
Event: 1.174 Thread 0x000000011f305400 DEOPT PACKING pc=0x00000001729c7e80 sp=0x000000028360d4c0
Event: 1.174 Thread 0x000000011f305400 DEOPT UNPACKING pc=0x000000017245f21c sp=0x000000028360d410 mode 2
Event: 1.174 Thread 0x000000011f305400 Uncommon trap: trap_request=0xffffffc6 fr.pc=0x00000001729c7d0c relative=0x000000000000150c
Event: 1.174 Thread 0x000000011f305400 Uncommon trap: reason=bimorphic_or_optimized_type_check action=maybe_recompile pc=0x00000001729c7d0c method=java.util.HashMap.putVal(ILjava/lang/Object;Ljava/lang/Object;ZZ)Ljava/lang/Object; @ 56 c2
Event: 1.174 Thread 0x000000011f305400 DEOPT PACKING pc=0x00000001729c7d0c sp=0x000000028360d4c0
Event: 1.174 Thread 0x000000011f305400 DEOPT UNPACKING pc=0x000000017245f21c sp=0x000000028360d410 mode 2
Event: 1.174 Thread 0x000000011f305400 Uncommon trap: trap_request=0xffffffc6 fr.pc=0x00000001729c7e80 relative=0x0000000000001680
Event: 1.174 Thread 0x000000011f305400 Uncommon trap: reason=bimorphic_or_optimized_type_check action=maybe_recompile pc=0x00000001729c7e80 method=java.util.HashMap.putVal(ILjava/lang/Object;Ljava/lang/Object;ZZ)Ljava/lang/Object; @ 152 c2
Event: 1.174 Thread 0x000000011f305400 DEOPT PACKING pc=0x00000001729c7e80 sp=0x000000028360d4c0
Event: 1.174 Thread 0x000000011f305400 DEOPT UNPACKING pc=0x000000017245f21c sp=0x000000028360d410 mode 2
Event: 1.179 Thread 0x000000011f305400 Uncommon trap: trap_request=0xffffff45 fr.pc=0x00000001729c9704 relative=0x00000000000000c4
Event: 1.179 Thread 0x000000011f305400 Uncommon trap: reason=unstable_if action=reinterpret pc=0x00000001729c9704 method=java.util.HashMap.hash(Ljava/lang/Object;)I @ 1 c2
Event: 1.179 Thread 0x000000011f305400 DEOPT PACKING pc=0x00000001729c9704 sp=0x000000028360d620
Event: 1.179 Thread 0x000000011f305400 DEOPT UNPACKING pc=0x000000017245f21c sp=0x000000028360d550 mode 2

Classes loaded (20 events):
Event: 1.299 Loading class java/awt/event/FocusEvent
Event: 1.299 Loading class java/awt/event/FocusEvent done
Event: 1.313 Loading class java/awt/peer/LightweightPeer
Event: 1.313 Loading class java/awt/peer/LightweightPeer done
Event: 1.313 Loading class sun/awt/LightweightPeerHolder
Event: 1.313 Loading class sun/awt/LightweightPeerHolder done
Event: 1.313 Loading class sun/awt/NullComponentPeer
Event: 1.313 Loading class java/awt/peer/PanelPeer
Event: 1.313 Loading class java/awt/peer/PanelPeer done
Event: 1.313 Loading class sun/awt/NullComponentPeer done
Event: 1.313 Loading class java/applet/Applet
Event: 1.314 Loading class java/awt/Panel
Event: 1.314 Loading class java/awt/Panel done
Event: 1.314 Loading class java/applet/Applet done
Event: 1.314 Loading class java/awt/event/WindowAdapter
Event: 1.314 Loading class java/awt/event/WindowAdapter done
Event: 1.314 Loading class sun/awt/event/IgnorePaintEvent
Event: 1.314 Loading class sun/awt/event/IgnorePaintEvent done
Event: 1.327 Loading class jdk/internal/reflect/DirectMethodHandleAccessor$NativeAccessor
Event: 1.328 Loading class jdk/internal/reflect/DirectMethodHandleAccessor$NativeAccessor done

Classes unloaded (0 events):
No events

Classes redefined (0 events):
No events

Internal exceptions (20 events):
Event: 0.678 Thread 0x000000011eb46400 Exception <a 'java/lang/NoSuchMethodError'{0x0000000781815ef0}: 'java.lang.reflect.Method[] java.lang.Class.getMethods(java.lang.Class)'> (0x0000000781815ef0) 
thrown [open/src/hotspot/share/interpreter/linkResolver.cpp, line 774]
Event: 1.086 Thread 0x000000011f305400 Exception <a 'java/lang/NoSuchMethodError'{0x0000000780f33300}: 'void java.lang.invoke.DirectMethodHandle$Holder.invokeStatic(java.lang.Object, java.lang.Object)'> (0x0000000780f33300) 
thrown [open/src/hotspot/share/interpreter/linkResolver.cpp, line 774]
Event: 1.086 Thread 0x000000011f305400 Exception <a 'java/lang/NoSuchMethodError'{0x0000000780f36ed0}: 'void java.lang.invoke.DirectMethodHandle$Holder.invokeSpecial(java.lang.Object, java.lang.Object, java.lang.Object)'> (0x0000000780f36ed0) 
thrown [open/src/hotspot/share/interpreter/linkResolver.cpp, line 774]
Event: 1.088 Thread 0x000000011f305400 Exception <a 'java/lang/NoSuchMethodError'{0x0000000780f452f8}: 'void java.lang.invoke.DirectMethodHandle$Holder.invokeStatic(java.lang.Object, java.lang.Object, java.lang.Object, java.lang.Object)'> (0x0000000780f452f8) 
thrown [open/src/hotspot/share/interpreter/linkResolver.cpp, line 774]
Event: 1.136 Thread 0x000000011f305400 Exception <a 'java/lang/NoSuchMethodError'{0x0000000780e471a0}: 'void java.lang.invoke.DirectMethodHandle$Holder.invokeStaticInit(java.lang.Object)'> (0x0000000780e471a0) 
thrown [open/src/hotspot/share/interpreter/linkResolver.cpp, line 774]
Event: 1.159 Thread 0x000000011f305400 Exception <a 'java/lang/NoSuchMethodError'{0x0000000780e6f940}: 'java.lang.Object java.lang.invoke.DirectMethodHandle$Holder.newInvokeSpecial(java.lang.Object, java.lang.Object, java.lang.Object, java.lang.Object, java.lang.Object)'> (0x0000000780e6f940) 
thrown [open/src/hotspot/share/interpreter/linkResolver.cpp, line 774]
Event: 1.161 Thread 0x000000011f305400 Exception <a 'java/lang/NoSuchMethodError'{0x0000000780ea0d80}: 'java.lang.Object java.lang.invoke.DirectMethodHandle$Holder.invokeStatic(java.lang.Object, int, java.lang.Object)'> (0x0000000780ea0d80) 
thrown [open/src/hotspot/share/interpreter/linkResolver.cpp, line 774]
Event: 1.163 Thread 0x000000011f305400 Exception <a 'java/lang/ClassNotFoundException'{0x0000000780ed2490}: com/apple/laf/resources/spi/aquaProvider> (0x0000000780ed2490) 
thrown [open/src/hotspot/share/classfile/systemDictionary.cpp, line 255]
Event: 1.175 Thread 0x000000011f305400 Exception <a 'java/lang/ClassNotFoundException'{0x0000000780d4a2f0}: com/sun/swing/internal/plaf/basic/resources/spi/basicProvider> (0x0000000780d4a2f0) 
thrown [open/src/hotspot/share/classfile/systemDictionary.cpp, line 255]
Event: 1.179 Thread 0x000000011f305400 Implicit null exception at 0x00000001729c9668 to 0x00000001729c96f8
Event: 1.181 Thread 0x000000011f305400 Exception <a 'java/lang/NoSuchMethodError'{0x0000000780d6afd8}: 'int java.lang.invoke.Invokers$Holder.invokeExact_MT(java.lang.Object, java.lang.Object)'> (0x0000000780d6afd8) 
thrown [open/src/hotspot/share/interpreter/linkResolver.cpp, line 774]
Event: 1.198 Thread 0x00000001284c2400 Exception <a 'java/lang/NoSuchMethodError'{0x0000000780ddbf98}: 'java.lang.Object java.lang.invoke.DirectMethodHandle$Holder.newInvokeSpecial(java.lang.Object, java.lang.Object, java.lang.Object, int, int, int, int, int)'> (0x0000000780ddbf98) 
thrown [open/src/hotspot/share/interpreter/linkResolver.cpp, line 774]
Event: 1.231 Thread 0x000000011f305400 Exception <a 'java/lang/NoSuchMethodError'{0x0000000781801dd0}: 'void java.lang.invoke.DirectMethodHandle$Holder.invokeStatic(java.lang.Object, long)'> (0x0000000781801dd0) 
thrown [open/src/hotspot/share/interpreter/linkResolver.cpp, line 774]
Event: 1.236 Thread 0x000000011f305400 Exception <a 'java/lang/NoSuchMethodError'{0x0000000781827fa8}: 'void java.lang.invoke.Invokers$Holder.invokeExact_MT(java.lang.Object, java.lang.Object, java.lang.Object, java.lang.Object)'> (0x0000000781827fa8) 
thrown [open/src/hotspot/share/interpreter/linkResolver.cpp, line 774]
Event: 1.249 Thread 0x000000011f305400 Exception <a 'java/lang/NoSuchMethodError'{0x0000000781834190}: 'java.lang.Object java.lang.invoke.DirectMethodHandle$Holder.newInvokeSpecial(java.lang.Object, java.lang.Object, java.lang.Object, int, java.lang.Object)'> (0x0000000781834190) 
thrown [open/src/hotspot/share/interpreter/linkResolver.cpp, line 774]
Event: 1.249 Thread 0x000000011f305400 Exception <a 'java/lang/NoSuchMethodError'{0x000000078183c2e8}: 'java.lang.Object java.lang.invoke.Invokers$Holder.linkToTargetMethod(java.lang.Object, java.lang.Object, int, java.lang.Object, java.lang.Object)'> (0x000000078183c2e8) 
thrown [open/src/hotspot/share/interpreter/linkResolver.cpp, line 774]
Event: 1.283 Thread 0x000000011f305400 Exception <a 'java/lang/NoSuchMethodError'{0x00000007818404a8}: 'void java.lang.invoke.DirectMethodHandle$Holder.invokeStatic(java.lang.Object, int, long)'> (0x00000007818404a8) 
thrown [open/src/hotspot/share/interpreter/linkResolver.cpp, line 774]
Event: 1.285 Thread 0x000000011f305400 Exception <a 'java/lang/NoSuchMethodError'{0x000000078185baa8}: 'java.lang.Object java.lang.invoke.Invokers$Holder.linkToTargetMethod(int, int, int, int, java.lang.Object)'> (0x000000078185baa8) 
thrown [open/src/hotspot/share/interpreter/linkResolver.cpp, line 774]
Event: 1.285 Thread 0x000000011f305400 Exception <a 'java/lang/NoSuchMethodError'{0x000000078186f840}: 'void java.lang.invoke.DirectMethodHandle$Holder.invokeStatic(java.lang.Object, java.lang.Object, long)'> (0x000000078186f840) 
thrown [open/src/hotspot/share/interpreter/linkResolver.cpp, line 774]
Event: 1.291 Thread 0x000000011eb46400 Exception <a 'java/lang/NoSuchMethodError'{0x00000007818a0cb8}: 'void java.lang.invoke.DirectMethodHandle$Holder.invokeSpecial(java.lang.Object, java.lang.Object, long)'> (0x00000007818a0cb8) 
thrown [open/src/hotspot/share/interpreter/linkResolver.cpp, line 774]

VM Operations (20 events):
Event: 0.491 Executing VM operation: G1CollectFull
Event: 0.496 Executing VM operation: G1CollectFull done
Event: 0.496 Executing VM operation: G1CollectFull
Event: 0.500 Executing VM operation: G1CollectFull done
Event: 0.693 Executing VM operation: HandshakeAllThreads
Event: 0.693 Executing VM operation: HandshakeAllThreads done
Event: 0.916 Executing VM operation: HandshakeAllThreads
Event: 0.916 Executing VM operation: HandshakeAllThreads done
Event: 1.186 Executing VM operation: HandshakeAllThreads
Event: 1.186 Executing VM operation: HandshakeAllThreads done
Event: 1.190 Executing VM operation: HandshakeAllThreads
Event: 1.190 Executing VM operation: HandshakeAllThreads done
Event: 1.202 Executing VM operation: G1CollectForAllocation
Event: 1.203 Executing VM operation: G1CollectForAllocation done
Event: 1.224 Executing VM operation: G1CollectFull
Event: 1.229 Executing VM operation: G1CollectFull done
Event: 1.231 Executing VM operation: HandshakeAllThreads
Event: 1.231 Executing VM operation: HandshakeAllThreads done
Event: 1.231 Executing VM operation: HandshakeAllThreads
Event: 1.231 Executing VM operation: HandshakeAllThreads done

Events (20 events):
Event: 0.011 Protecting memory [0x000000017fae4000,0x000000017faf0000] with protection modes 0
Event: 0.013 Thread 0x000000011ec11600 Thread added: 0x000000011ec11600
Event: 0.013 Protecting memory [0x000000017fcf0000,0x000000017fcfc000] with protection modes 0
Event: 0.014 Thread 0x000000011ebf7000 Thread added: 0x000000011ebf7000
Event: 0.014 Protecting memory [0x0000000280210000,0x000000028021c000] with protection modes 0
Event: 0.057 Protecting memory [0x00000001065f4000,0x00000001065f8000] with protection modes 1
Event: 0.063 Thread 0x000000011f0f0800 Thread added: 0x000000011f0f0800
Event: 0.063 Protecting memory [0x000000028041c000,0x0000000280428000] with protection modes 0
Event: 0.307 Thread 0x000000011ec9a200 Thread added: 0x000000011ec9a200
Event: 0.307 Protecting memory [0x0000000281304000,0x0000000281310000] with protection modes 0
Event: 0.312 Thread 0x00000001280cc200 Thread added: 0x00000001280cc200
Event: 0.312 Protecting memory [0x0000000281510000,0x000000028151c000] with protection modes 0
Event: 0.900 Thread 0x000000011f305400 Thread added: 0x000000011f305400
Event: 0.900 Protecting memory [0x000000028340c000,0x0000000283418000] with protection modes 0
Event: 0.920 Thread 0x000000011ec83400 Thread added: 0x000000011ec83400
Event: 0.920 Protecting memory [0x00000002843a4000,0x00000002843b0000] with protection modes 0
Event: 1.196 Thread 0x00000001284c2400 Thread added: 0x00000001284c2400
Event: 1.196 Protecting memory [0x000000028b840000,0x000000028b84c000] with protection modes 0
Event: 1.284 Thread 0x000000010ecd7600 Thread added: 0x000000010ecd7600
Event: 1.284 Protecting memory [0x000000028e354000,0x000000028e360000] with protection modes 0


Dynamic libraries:
0x0000000105d5c000 	/Library/Frameworks/Python.framework/Versions/3.11/Python
0x00000001a1c0c000 	/System/Library/Frameworks/CoreFoundation.framework/Versions/A/CoreFoundation
0x00000001a1838000 	/usr/lib/libobjc.A.dylib
0x00000001a4cf3000 	/System/Library/PrivateFrameworks/CoreServicesInternal.framework/Versions/A/CoreServicesInternal
0x00000001ad198000 	/usr/lib/liboah.dylib
0x00000001ad1cb000 	/usr/lib/libfakelink.dylib
0x00000001a4729000 	/usr/lib/libicucore.A.dylib
0x00000001ad1c9000 	/usr/lib/libSystem.B.dylib
0x00000001ad1cf000 	/System/Library/PrivateFrameworks/SoftLinking.framework/Versions/A/SoftLinking
0x00000001a1b56000 	/usr/lib/libc++abi.dylib
0x00000001a1aef000 	/usr/lib/libc++.1.dylib
0x00000001ad1c3000 	/usr/lib/system/libcache.dylib
0x00000001ad17c000 	/usr/lib/system/libcommonCrypto.dylib
0x00000001ad1aa000 	/usr/lib/system/libcompiler_rt.dylib
0x00000001ad1a0000 	/usr/lib/system/libcopyfile.dylib
0x00000001a196b000 	/usr/lib/system/libcorecrypto.dylib
0x00000001a1a23000 	/usr/lib/system/libdispatch.dylib
0x00000001a1bb4000 	/usr/lib/system/libdyld.dylib
0x00000001ad1b9000 	/usr/lib/system/libkeymgr.dylib
0x00000001ad15a000 	/usr/lib/system/libmacho.dylib
0x00000001ac836000 	/usr/lib/system/libquarantine.dylib
0x00000001ad1b6000 	/usr/lib/system/libremovefile.dylib
0x00000001a6843000 	/usr/lib/system/libsystem_asl.dylib
0x00000001a1909000 	/usr/lib/system/libsystem_blocks.dylib
0x00000001a1a6e000 	/usr/lib/system/libsystem_c.dylib
0x00000001ad1ae000 	/usr/lib/system/libsystem_collections.dylib
0x00000001abd5f000 	/usr/lib/system/libsystem_configuration.dylib
0x00000001aade9000 	/usr/lib/system/libsystem_containermanager.dylib
0x00000001ace6b000 	/usr/lib/system/libsystem_coreservices.dylib
0x00000001a49e0000 	/usr/lib/system/libsystem_darwin.dylib
0x00000001ad1ba000 	/usr/lib/system/libsystem_dnssd.dylib
0x00000001a1a6b000 	/usr/lib/system/libsystem_featureflags.dylib
0x00000001a1be0000 	/usr/lib/system/libsystem_info.dylib
0x00000001ad121000 	/usr/lib/system/libsystem_m.dylib
0x00000001a19f7000 	/usr/lib/system/libsystem_malloc.dylib
0x00000001a67c3000 	/usr/lib/system/libsystem_networkextension.dylib
0x00000001a4e4a000 	/usr/lib/system/libsystem_notify.dylib
0x00000001abd64000 	/usr/lib/system/libsystem_sandbox.dylib
0x00000001ad1b3000 	/usr/lib/system/libsystem_secinit.dylib
0x00000001a1b6e000 	/usr/lib/system/libsystem_kernel.dylib
0x00000001a1bd8000 	/usr/lib/system/libsystem_platform.dylib
0x00000001a1ba7000 	/usr/lib/system/libsystem_pthread.dylib
0x00000001a8012000 	/usr/lib/system/libsystem_symptoms.dylib
0x00000001a1951000 	/usr/lib/system/libsystem_trace.dylib
0x00000001ad18d000 	/usr/lib/system/libunwind.dylib
0x00000001a190e000 	/usr/lib/system/libxpc.dylib
0x00000001a4d6e000 	/System/Library/Frameworks/IOKit.framework/Versions/A/IOKit
0x00000001b3874000 	/System/Library/Frameworks/CoreServices.framework/Versions/A/CoreServices
0x00000001a8e23000 	/usr/lib/libDiagnosticMessagesClient.dylib
0x00000001a67dc000 	/usr/lib/libenergytrace.dylib
0x00000001ac861000 	/usr/lib/libbsm.0.dylib
0x00000001ad10f000 	/usr/lib/libz.1.dylib
0x00000001ad160000 	/usr/lib/system/libkxld.dylib
0x00000001a6403000 	/System/Library/Frameworks/CFNetwork.framework/Versions/A/CFNetwork
0x00000001a990d000 	/System/Library/Frameworks/CoreServices.framework/Versions/A/Frameworks/FSEvents.framework/Versions/A/FSEvents
0x00000001a49eb000 	/System/Library/Frameworks/CoreServices.framework/Versions/A/Frameworks/CarbonCore.framework/Versions/A/CarbonCore
0x00000001a8e66000 	/System/Library/Frameworks/CoreServices.framework/Versions/A/Frameworks/Metadata.framework/Versions/A/Metadata
0x00000001ace71000 	/System/Library/Frameworks/CoreServices.framework/Versions/A/Frameworks/OSServices.framework/Versions/A/OSServices
0x00000001ad391000 	/System/Library/Frameworks/CoreServices.framework/Versions/A/Frameworks/SearchKit.framework/Versions/A/SearchKit
0x00000001a7f95000 	/System/Library/Frameworks/CoreServices.framework/Versions/A/Frameworks/AE.framework/Versions/A/AE
0x00000001a20e4000 	/System/Library/Frameworks/CoreServices.framework/Versions/A/Frameworks/LaunchServices.framework/Versions/A/LaunchServices
0x00000001ada08000 	/System/Library/Frameworks/CoreServices.framework/Versions/A/Frameworks/DictionaryServices.framework/Versions/A/DictionaryServices
0x00000001a991a000 	/System/Library/Frameworks/CoreServices.framework/Versions/A/Frameworks/SharedFileList.framework/Versions/A/SharedFileList
0x00000001a4386000 	/System/Library/Frameworks/Security.framework/Versions/A/Security
0x00000001a2801000 	/System/Library/Frameworks/SystemConfiguration.framework/Versions/A/SystemConfiguration
0x00000001ad430000 	/usr/lib/libapple_nghttp2.dylib
0x00000001ad462000 	/usr/lib/libcompression.dylib
0x00000001a63ff000 	/usr/lib/libnetwork.dylib
0x00000001a7c1a000 	/usr/lib/libsqlite3.dylib
0x00000001a2b37000 	/System/Library/Frameworks/Foundation.framework/Versions/C/Foundation
0x00000001a801b000 	/System/Library/Frameworks/Network.framework/Versions/A/Network
0x0000000228d85000 	/usr/lib/libCoreEntitlements.dylib
0x0000000215c92000 	/System/Library/PrivateFrameworks/MessageSecurity.framework/Versions/A/MessageSecurity
0x00000001a7c00000 	/System/Library/PrivateFrameworks/ProtocolBuffer.framework/Versions/A/ProtocolBuffer
0x00000001a67de000 	/usr/lib/libMobileGestalt.dylib
0x00000001ace4d000 	/System/Library/PrivateFrameworks/AppleFSCompression.framework/Versions/A/AppleFSCompression
0x00000001ac849000 	/usr/lib/libcoretls.dylib
0x00000001ada78000 	/usr/lib/libcoretls_cfhelpers.dylib
0x00000001ad45d000 	/usr/lib/libpam.2.dylib
0x00000001adade000 	/usr/lib/libxar.1.dylib
0x00000001a994b000 	/System/Library/PrivateFrameworks/CoreAutoLayout.framework/Versions/A/CoreAutoLayout
0x00000001a8eff000 	/System/Library/Frameworks/DiskArbitration.framework/Versions/A/DiskArbitration
0x00000001ad30a000 	/usr/lib/libarchive.2.dylib
0x00000001a9995000 	/usr/lib/libxml2.2.dylib
0x00000001abd70000 	/usr/lib/liblangid.dylib
0x00000001b17de000 	/System/Library/Frameworks/Combine.framework/Versions/A/Combine
0x00000001af8b4000 	/usr/lib/swift/libswiftCore.dylib
0x00000001c3076000 	/usr/lib/swift/libswiftCoreFoundation.dylib
0x00000001c0f76000 	/usr/lib/swift/libswiftDarwin.dylib
0x00000001b4d90000 	/usr/lib/swift/libswiftDispatch.dylib
0x00000001c3097000 	/usr/lib/swift/libswiftIOKit.dylib
0x00000001b7197000 	/usr/lib/swift/libswiftObjectiveC.dylib
0x00000001c308a000 	/usr/lib/swift/libswiftXPC.dylib
0x0000000229bff000 	/usr/lib/swift/libswift_Concurrency.dylib
0x0000000229d51000 	/usr/lib/swift/libswift_StringProcessing.dylib
0x00000001b719b000 	/usr/lib/swift/libswiftos.dylib
0x00000001abd6c000 	/System/Library/PrivateFrameworks/AppleSystemInfo.framework/Versions/A/AppleSystemInfo
0x00000001ac53e000 	/System/Library/PrivateFrameworks/IOMobileFramebuffer.framework/Versions/A/IOMobileFramebuffer
0x00000001aae1b000 	/System/Library/Frameworks/IOSurface.framework/Versions/A/IOSurface
0x00000001ad1d0000 	/usr/lib/libpcap.A.dylib
0x00000001a8008000 	/usr/lib/libdns_services.dylib
0x00000001ada5f000 	/usr/lib/liblzma.5.dylib
0x00000001ace5e000 	/usr/lib/libbz2.1.0.dylib
0x00000001ad205000 	/usr/lib/libiconv.2.dylib
0x00000001ad159000 	/usr/lib/libcharset.1.dylib
0x0000000229c9c000 	/usr/lib/swift/libswift_RegexParser.dylib
0x00000001adea9000 	/usr/lib/libheimdal-asn1.dylib
0x00000001ac839000 	/usr/lib/libCheckFix.dylib
0x00000001a685b000 	/System/Library/PrivateFrameworks/TCC.framework/Versions/A/TCC
0x00000001abd72000 	/System/Library/PrivateFrameworks/CoreNLP.framework/Versions/A/CoreNLP
0x00000001a8e25000 	/System/Library/PrivateFrameworks/MetadataUtilities.framework/Versions/A/MetadataUtilities
0x00000001b3b20000 	/System/Library/Frameworks/Accelerate.framework/Versions/A/Accelerate
0x00000001ac872000 	/usr/lib/libmecab.dylib
0x00000001a288b000 	/usr/lib/libCRFSuite.dylib
0x00000001ac8cf000 	/usr/lib/libgermantok.dylib
0x00000001ad409000 	/usr/lib/libThaiTokenizer.dylib
0x00000001a8f08000 	/System/Library/Frameworks/Accelerate.framework/Versions/A/Frameworks/vImage.framework/Versions/A/vImage
0x00000001b384b000 	/System/Library/Frameworks/Accelerate.framework/Versions/A/Frameworks/vecLib.framework/Versions/A/vecLib
0x00000001adb24000 	/System/Library/Frameworks/Accelerate.framework/Versions/A/Frameworks/vecLib.framework/Versions/A/libvMisc.dylib
0x00000001ac43e000 	/System/Library/Frameworks/Accelerate.framework/Versions/A/Frameworks/vecLib.framework/Versions/A/libvDSP.dylib
0x00000001a2497000 	/System/Library/Frameworks/Accelerate.framework/Versions/A/Frameworks/vecLib.framework/Versions/A/libBLAS.dylib
0x00000001ad534000 	/System/Library/Frameworks/Accelerate.framework/Versions/A/Frameworks/vecLib.framework/Versions/A/libLAPACK.dylib
0x00000001ac8d2000 	/System/Library/Frameworks/Accelerate.framework/Versions/A/Frameworks/vecLib.framework/Versions/A/libLinearAlgebra.dylib
0x00000001ad448000 	/System/Library/Frameworks/Accelerate.framework/Versions/A/Frameworks/vecLib.framework/Versions/A/libSparseBLAS.dylib
0x00000001ad52f000 	/System/Library/Frameworks/Accelerate.framework/Versions/A/Frameworks/vecLib.framework/Versions/A/libQuadrature.dylib
0x00000001abe6b000 	/System/Library/Frameworks/Accelerate.framework/Versions/A/Frameworks/vecLib.framework/Versions/A/libBNNS.dylib
0x00000001a279a000 	/System/Library/Frameworks/Accelerate.framework/Versions/A/Frameworks/vecLib.framework/Versions/A/libSparse.dylib
0x0000000214ffe000 	/System/Library/PrivateFrameworks/MIL.framework/Versions/A/MIL
0x00000001a98ed000 	/System/Library/Frameworks/OpenDirectory.framework/Versions/A/Frameworks/CFOpenDirectory.framework/Versions/A/CFOpenDirectory
0x00000001a98dd000 	/System/Library/Frameworks/OpenDirectory.framework/Versions/A/OpenDirectory
0x00000001ada7a000 	/System/Library/PrivateFrameworks/APFS.framework/Versions/A/APFS
0x00000001ac774000 	/System/Library/Frameworks/SecurityFoundation.framework/Versions/A/SecurityFoundation
0x00000001adaed000 	/usr/lib/libutil.dylib
0x00000002140f6000 	/System/Library/PrivateFrameworks/InstalledContentLibrary.framework/Versions/A/InstalledContentLibrary
0x00000001a4d31000 	/System/Library/PrivateFrameworks/CoreServicesStore.framework/Versions/A/CoreServicesStore
0x00000001a9944000 	/usr/lib/libapp_launch_measurement.dylib
0x000000020b1ca000 	/System/Library/PrivateFrameworks/AppleMobileFileIntegrity.framework/Versions/A/AppleMobileFileIntegrity
0x00000001c3055000 	/usr/lib/libmis.dylib
0x00000001d0e58000 	/System/Library/PrivateFrameworks/MobileSystemServices.framework/Versions/A/MobileSystemServices
0x00000001eb235000 	/System/Library/PrivateFrameworks/ConfigProfileHelper.framework/Versions/A/ConfigProfileHelper
0x00000001a8df6000 	/System/Library/PrivateFrameworks/CoreAnalytics.framework/Versions/A/CoreAnalytics
0x00000001ad40b000 	/System/Library/PrivateFrameworks/AppleSauce.framework/Versions/A/AppleSauce
0x00000001a3570000 	/System/Library/PrivateFrameworks/LanguageModeling.framework/Versions/A/LanguageModeling
0x00000001adaf1000 	/usr/lib/libxslt.1.dylib
0x00000001ad2f8000 	/usr/lib/libcmph.dylib
0x00000001ac52b000 	/System/Library/PrivateFrameworks/CoreEmoji.framework/Versions/A/CoreEmoji
0x00000001abe65000 	/System/Library/PrivateFrameworks/LinguisticData.framework/Versions/A/LinguisticData
0x00000001a2752000 	/System/Library/PrivateFrameworks/Lexicon.framework/Versions/A/Lexicon
0x00000001ac807000 	/System/Library/PrivateFrameworks/BackgroundTaskManagement.framework/Versions/A/BackgroundTaskManagement
0x0000000228f24000 	/usr/lib/libTLE.dylib
0x0000000105308000 	/Library/Frameworks/Python.framework/Versions/3.11/lib/python3.11/lib-dynload/_opcode.cpython-311-darwin.so
0x000000010541c000 	/Library/Frameworks/Python.framework/Versions/3.11/lib/python3.11/lib-dynload/_typing.cpython-311-darwin.so
0x0000000105560000 	/Library/Frameworks/Python.framework/Versions/3.11/lib/python3.11/site-packages/_jpype.cpython-311-darwin.so
0x0000000105530000 	/Library/Frameworks/Python.framework/Versions/3.11/lib/python3.11/lib-dynload/_hashlib.cpython-311-darwin.so
0x0000000105af0000 	/Library/Frameworks/Python.framework/Versions/3.11/lib/libcrypto.1.1.dylib
0x00000001055f4000 	/Library/Frameworks/Python.framework/Versions/3.11/lib/python3.11/lib-dynload/_blake2.cpython-311-darwin.so
0x000000010554c000 	/Library/Frameworks/Python.framework/Versions/3.11/lib/python3.11/lib-dynload/_heapq.cpython-311-darwin.so
0x000000010570c000 	/Library/Frameworks/Python.framework/Versions/3.11/lib/python3.11/lib-dynload/zlib.cpython-311-darwin.so
0x0000000105728000 	/Library/Frameworks/Python.framework/Versions/3.11/lib/python3.11/lib-dynload/_bz2.cpython-311-darwin.so
0x00000001057cc000 	/Library/Frameworks/Python.framework/Versions/3.11/lib/python3.11/lib-dynload/_lzma.cpython-311-darwin.so
0x000000010573c000 	/Library/Frameworks/Python.framework/Versions/3.11/lib/python3.11/lib-dynload/_struct.cpython-311-darwin.so
0x0000000104f80000 	/Library/Frameworks/Python.framework/Versions/3.11/lib/python3.11/lib-dynload/_pickle.cpython-311-darwin.so
0x0000000105780000 	/Library/Frameworks/Python.framework/Versions/3.11/lib/python3.11/lib-dynload/_queue.cpython-311-darwin.so
0x0000000105794000 	/Library/Frameworks/Python.framework/Versions/3.11/lib/python3.11/lib-dynload/fcntl.cpython-311-darwin.so
0x00000001057a8000 	/Library/Frameworks/Python.framework/Versions/3.11/lib/python3.11/lib-dynload/_posixsubprocess.cpython-311-darwin.so
0x0000000105758000 	/Library/Frameworks/Python.framework/Versions/3.11/lib/python3.11/lib-dynload/select.cpython-311-darwin.so
0x0000000105a54000 	/Library/Frameworks/Python.framework/Versions/3.11/lib/python3.11/lib-dynload/math.cpython-311-darwin.so
0x0000000105a74000 	/Library/Frameworks/Python.framework/Versions/3.11/lib/python3.11/lib-dynload/binascii.cpython-311-darwin.so
0x0000000105a8c000 	/Library/Frameworks/Python.framework/Versions/3.11/lib/python3.11/lib-dynload/_json.cpython-311-darwin.so
0x0000000105a14000 	/Library/Frameworks/Python.framework/Versions/3.11/lib/python3.11/lib-dynload/_datetime.cpython-311-darwin.so
0x0000000106564000 	/Library/Frameworks/Python.framework/Versions/3.11/lib/python3.11/lib-dynload/_decimal.cpython-311-darwin.so
0x0000000106b8c000 	/Library/Frameworks/Python.framework/Versions/3.11/lib/python3.11/site-packages/numpy/core/_multiarray_umath.cpython-311-darwin.so
0x00000001084d8000 	/Library/Frameworks/Python.framework/Versions/3.11/lib/python3.11/site-packages/numpy/.dylibs/libopenblas64_.0.dylib
0x0000000106f38000 	/Library/Frameworks/Python.framework/Versions/3.11/lib/python3.11/site-packages/numpy/.dylibs/libgfortran.5.dylib
0x000000010685c000 	/Library/Frameworks/Python.framework/Versions/3.11/lib/python3.11/site-packages/numpy/.dylibs/libquadmath.0.dylib
0x0000000105acc000 	/Library/Frameworks/Python.framework/Versions/3.11/lib/python3.11/site-packages/numpy/.dylibs/libgcc_s.1.1.dylib
0x0000000105a40000 	/Library/Frameworks/Python.framework/Versions/3.11/lib/python3.11/lib-dynload/_contextvars.cpython-311-darwin.so
0x0000000105d28000 	/Library/Frameworks/Python.framework/Versions/3.11/lib/python3.11/site-packages/numpy/core/_multiarray_tests.cpython-311-darwin.so
0x00000001065c4000 	/Library/Frameworks/Python.framework/Versions/3.11/lib/python3.11/lib-dynload/_ctypes.cpython-311-darwin.so
0x00000001b0a98000 	/usr/lib/libffi.dylib
0x00000001068b8000 	/Library/Frameworks/Python.framework/Versions/3.11/lib/python3.11/site-packages/numpy/linalg/_umath_linalg.cpython-311-darwin.so
0x0000000106800000 	/Library/Frameworks/Python.framework/Versions/3.11/lib/python3.11/site-packages/numpy/fft/_pocketfft_internal.cpython-311-darwin.so
0x00000001080b0000 	/Library/Frameworks/Python.framework/Versions/3.11/lib/python3.11/site-packages/numpy/random/mtrand.cpython-311-darwin.so
0x0000000106b00000 	/Library/Frameworks/Python.framework/Versions/3.11/lib/python3.11/site-packages/numpy/random/bit_generator.cpython-311-darwin.so
0x0000000106b34000 	/Library/Frameworks/Python.framework/Versions/3.11/lib/python3.11/site-packages/numpy/random/_common.cpython-311-darwin.so
0x000000010681c000 	/Library/Frameworks/Python.framework/Versions/3.11/lib/python3.11/lib-dynload/_bisect.cpython-311-darwin.so
0x0000000106830000 	/Library/Frameworks/Python.framework/Versions/3.11/lib/python3.11/lib-dynload/_random.cpython-311-darwin.so
0x0000000105aa4000 	/Library/Frameworks/Python.framework/Versions/3.11/lib/python3.11/lib-dynload/_sha512.cpython-311-darwin.so
0x0000000108058000 	/Library/Frameworks/Python.framework/Versions/3.11/lib/python3.11/site-packages/numpy/random/_bounded_integers.cpython-311-darwin.so
0x00000001072e0000 	/Library/Frameworks/Python.framework/Versions/3.11/lib/python3.11/site-packages/numpy/random/_mt19937.cpython-311-darwin.so
0x0000000108000000 	/Library/Frameworks/Python.framework/Versions/3.11/lib/python3.11/site-packages/numpy/random/_philox.cpython-311-darwin.so
0x000000010801c000 	/Library/Frameworks/Python.framework/Versions/3.11/lib/python3.11/site-packages/numpy/random/_pcg64.cpython-311-darwin.so
0x0000000106844000 	/Library/Frameworks/Python.framework/Versions/3.11/lib/python3.11/site-packages/numpy/random/_sfc64.cpython-311-darwin.so
0x0000000108234000 	/Library/Frameworks/Python.framework/Versions/3.11/lib/python3.11/site-packages/numpy/random/_generator.cpython-311-darwin.so
0x00000001081f0000 	/Library/Frameworks/Python.framework/Versions/3.11/lib/python3.11/lib-dynload/pyexpat.cpython-311-darwin.so
0x00000001081ac000 	/Library/Frameworks/Python.framework/Versions/3.11/lib/python3.11/lib-dynload/_elementtree.cpython-311-darwin.so
0x000000010dc7c000 	/Library/Frameworks/Python.framework/Versions/3.11/lib/python3.11/site-packages/PIL/_imaging.cpython-311-darwin.so
0x000000010dd08000 	/Library/Frameworks/Python.framework/Versions/3.11/lib/python3.11/site-packages/PIL/.dylibs/libtiff.6.dylib
0x000000010ddc0000 	/Library/Frameworks/Python.framework/Versions/3.11/lib/python3.11/site-packages/PIL/.dylibs/libjpeg.62.4.0.dylib
0x000000010de4c000 	/Library/Frameworks/Python.framework/Versions/3.11/lib/python3.11/site-packages/PIL/.dylibs/libopenjp2.2.5.0.dylib
0x0000000108404000 	/Library/Frameworks/Python.framework/Versions/3.11/lib/python3.11/site-packages/PIL/.dylibs/libz.1.3.dylib
0x0000000108430000 	/Library/Frameworks/Python.framework/Versions/3.11/lib/python3.11/site-packages/PIL/.dylibs/libxcb.1.1.0.dylib
0x000000010def0000 	/Library/Frameworks/Python.framework/Versions/3.11/lib/python3.11/site-packages/PIL/.dylibs/liblzma.5.dylib
0x00000001068ec000 	/Library/Frameworks/Python.framework/Versions/3.11/lib/python3.11/site-packages/PIL/.dylibs/libXau.6.0.0.dylib
0x0000000108474000 	/Library/Frameworks/Python.framework/Versions/3.11/lib/python3.11/lib-dynload/_socket.cpython-311-darwin.so
0x00000001072c0000 	/Library/Frameworks/Python.framework/Versions/3.11/lib/python3.11/lib-dynload/array.cpython-311-darwin.so
0x0000000105ab8000 	/Library/Frameworks/Python.framework/Versions/3.11/lib/python3.11/lib-dynload/termios.cpython-311-darwin.so
0x0000000106b74000 	/Library/Frameworks/Python.framework/Versions/3.11/lib/python3.11/lib-dynload/resource.cpython-311-darwin.so
0x000000011e258000 	/Library/Frameworks/Python.framework/Versions/3.11/lib/python3.11/lib-dynload/_sqlite3.cpython-311-darwin.so
0x0000000108164000 	/Library/Frameworks/Python.framework/Versions/3.11/lib/python3.11/lib-dynload/_ssl.cpython-311-darwin.so
0x000000010e340000 	/Library/Frameworks/Python.framework/Versions/3.11/lib/libssl.1.1.dylib
0x0000000108498000 	/Library/Frameworks/Python.framework/Versions/3.11/lib/python3.11/lib-dynload/_asyncio.cpython-311-darwin.so
0x000000011fe48000 	/Library/Frameworks/Python.framework/Versions/3.11/lib/python3.11/lib-dynload/unicodedata.cpython-311-darwin.so
0x000000010803c000 	/Library/Frameworks/Python.framework/Versions/3.11/lib/python3.11/lib-dynload/_uuid.cpython-311-darwin.so
0x00000001081d0000 	/Library/Frameworks/Python.framework/Versions/3.11/lib/python3.11/lib-dynload/_scproxy.cpython-311-darwin.so
0x00000001084bc000 	/Library/Frameworks/Python.framework/Versions/3.11/lib/python3.11/lib-dynload/_lsprof.cpython-311-darwin.so
0x00000001057bc000 	/Library/Frameworks/Python.framework/Versions/3.11/lib/python3.11/site-packages/charset_normalizer/md.cpython-311-darwin.so
0x000000011e580000 	/Library/Frameworks/Python.framework/Versions/3.11/lib/python3.11/site-packages/charset_normalizer/md__mypyc.cpython-311-darwin.so
0x000000011e200000 	/Library/Frameworks/Python.framework/Versions/3.11/lib/python3.11/lib-dynload/_multibytecodec.cpython-311-darwin.so
0x000000011e21c000 	/Library/Java/JavaVirtualMachines/jdk-19.jdk/Contents/Home/lib/libjli.dylib
0x00000001b8f90000 	/System/Library/Frameworks/Cocoa.framework/Versions/A/Cocoa
0x00000001a4eab000 	/System/Library/Frameworks/AppKit.framework/Versions/C/AppKit
0x00000001a7845000 	/System/Library/Frameworks/CoreData.framework/Versions/A/CoreData
0x00000001a5db3000 	/System/Library/PrivateFrameworks/UIFoundation.framework/Versions/A/UIFoundation
0x000000020c853000 	/System/Library/PrivateFrameworks/CollectionViewCore.framework/Versions/A/CollectionViewCore
0x00000001b3451000 	/System/Library/PrivateFrameworks/RemoteViewServices.framework/Versions/A/RemoteViewServices
0x00000001ab619000 	/System/Library/PrivateFrameworks/XCTTargetBootstrap.framework/Versions/A/XCTTargetBootstrap
0x00000001aef5b000 	/System/Library/PrivateFrameworks/InternationalSupport.framework/Versions/A/InternationalSupport
0x00000001aefe2000 	/System/Library/PrivateFrameworks/UserActivity.framework/Versions/A/UserActivity
0x000000022341c000 	/System/Library/PrivateFrameworks/WindowManagement.framework/Versions/A/WindowManagement
0x00000001ae460000 	/usr/lib/libspindump.dylib
0x00000001a5f58000 	/System/Library/Frameworks/UniformTypeIdentifiers.framework/Versions/A/UniformTypeIdentifiers
0x00000001aae3b000 	/System/Library/Frameworks/Metal.framework/Versions/A/Metal
0x00000001ab61f000 	/System/Library/PrivateFrameworks/CoreSVG.framework/Versions/A/CoreSVG
0x00000001a6879000 	/System/Library/PrivateFrameworks/SkyLight.framework/Versions/A/SkyLight
0x00000001a6c90000 	/System/Library/Frameworks/CoreGraphics.framework/Versions/A/CoreGraphics
0x00000001adece000 	/System/Library/PrivateFrameworks/IconServices.framework/Versions/A/IconServices
0x00000001b6d7c000 	/System/Library/Frameworks/ApplicationServices.framework/Versions/A/ApplicationServices
0x00000001ab601000 	/System/Library/PrivateFrameworks/DFRFoundation.framework/Versions/A/DFRFoundation
0x00000001afeea000 	/System/Library/Frameworks/AudioToolbox.framework/Versions/A/AudioToolbox
0x00000001aef66000 	/System/Library/PrivateFrameworks/DataDetectorsCore.framework/Versions/A/DataDetectorsCore
0x00000001c5f72000 	/System/Library/PrivateFrameworks/TextInput.framework/Versions/A/TextInput
0x00000001ab2cd000 	/System/Library/Frameworks/Carbon.framework/Versions/A/Frameworks/HIToolbox.framework/Versions/A/HIToolbox
0x00000001a92ce000 	/System/Library/Frameworks/QuartzCore.framework/Versions/A/QuartzCore
0x00000001b3491000 	/System/Library/Frameworks/Carbon.framework/Versions/A/Frameworks/SpeechRecognition.framework/Versions/A/SpeechRecognition
0x00000001a9683000 	/System/Library/PrivateFrameworks/CoreUI.framework/Versions/A/CoreUI
0x00000001a3ca6000 	/System/Library/Frameworks/CoreAudio.framework/Versions/A/CoreAudio
0x00000001ae893000 	/System/Library/PrivateFrameworks/MultitouchSupport.framework/Versions/A/MultitouchSupport
0x00000001a98d1000 	/System/Library/PrivateFrameworks/PerformanceAnalysis.framework/Versions/A/PerformanceAnalysis
0x00000001efef5000 	/System/Library/Frameworks/OpenGL.framework/Versions/A/OpenGL
0x00000001ac73d000 	/System/Library/PrivateFrameworks/MobileKeyBag.framework/Versions/A/MobileKeyBag
0x00000001a72da000 	/System/Library/Frameworks/ColorSync.framework/Versions/A/ColorSync
0x00000001ab997000 	/System/Library/Frameworks/CoreImage.framework/Versions/A/CoreImage
0x00000001a3ac7000 	/System/Library/Frameworks/CoreText.framework/Versions/A/CoreText
0x00000001ab658000 	/System/Library/Frameworks/ImageIO.framework/Versions/A/ImageIO
0x00000001aeeb7000 	/System/Library/PrivateFrameworks/TextureIO.framework/Versions/A/TextureIO
0x00000001adba0000 	/usr/lib/libate.dylib
0x00000001ae758000 	/System/Library/PrivateFrameworks/AppleJPEG.framework/Versions/A/AppleJPEG
0x00000001ade8e000 	/usr/lib/libexpat.1.dylib
0x00000001aed19000 	/System/Library/Frameworks/ImageIO.framework/Versions/A/Resources/libPng.dylib
0x00000001aed44000 	/System/Library/Frameworks/ImageIO.framework/Versions/A/Resources/libTIFF.dylib
0x00000001aee2d000 	/System/Library/Frameworks/ImageIO.framework/Versions/A/Resources/libGIF.dylib
0x00000001ae79d000 	/System/Library/Frameworks/ImageIO.framework/Versions/A/Resources/libJP2.dylib
0x00000001aedd1000 	/System/Library/Frameworks/ImageIO.framework/Versions/A/Resources/libJPEG.dylib
0x00000001aedc8000 	/System/Library/Frameworks/ImageIO.framework/Versions/A/Resources/libRadiance.dylib
0x00000001ab156000 	/System/Library/PrivateFrameworks/FontServices.framework/libFontParser.dylib
0x00000001a7f37000 	/System/Library/PrivateFrameworks/RunningBoardServices.framework/Versions/A/RunningBoardServices
0x00000001b96b9000 	/System/Library/PrivateFrameworks/IOSurfaceAccelerator.framework/Versions/A/IOSurfaceAccelerator
0x00000001ae88f000 	/System/Library/PrivateFrameworks/WatchdogClient.framework/Versions/A/WatchdogClient
0x00000001a36e9000 	/System/Library/Frameworks/CoreDisplay.framework/Versions/A/CoreDisplay
0x00000001ab031000 	/System/Library/Frameworks/CoreMedia.framework/Versions/A/CoreMedia
0x00000001aae31000 	/System/Library/PrivateFrameworks/IOAccelerator.framework/Versions/A/IOAccelerator
0x00000001a9a7e000 	/System/Library/Frameworks/CoreVideo.framework/Versions/A/CoreVideo
0x00000001ad45b000 	/System/Library/Frameworks/MetalPerformanceShaders.framework/Versions/A/MetalPerformanceShaders
0x00000001ae8ce000 	/System/Library/Frameworks/VideoToolbox.framework/Versions/A/VideoToolbox
0x00000001a7e7b000 	/System/Library/PrivateFrameworks/BaseBoard.framework/Versions/A/BaseBoard
0x00000001aedc3000 	/System/Library/PrivateFrameworks/GPUWrangler.framework/Versions/A/GPUWrangler
0x00000001aeda3000 	/System/Library/PrivateFrameworks/IOPresentment.framework/Versions/A/IOPresentment
0x00000001aedcb000 	/System/Library/PrivateFrameworks/DSExternalDisplay.framework/Versions/A/DSExternalDisplay
0x0000000210950000 	/System/Library/PrivateFrameworks/GPUCompiler.framework/Versions/31001/Libraries/libllvm-flatbuffers.dylib
0x00000001efee8000 	/System/Library/Frameworks/OpenGL.framework/Versions/A/Libraries/libCoreFSCache.dylib
0x000000021094c000 	/System/Library/PrivateFrameworks/GPUCompiler.framework/Versions/31001/Libraries/libGPUCompilerUtils.dylib
0x00000001aee33000 	/System/Library/PrivateFrameworks/CMCaptureCore.framework/Versions/A/CMCaptureCore
0x000000020547d000 	/System/Library/Frameworks/ExtensionFoundation.framework/Versions/A/ExtensionFoundation
0x00000001b5535000 	/System/Library/PrivateFrameworks/CoreTime.framework/Versions/A/CoreTime
0x00000001ae44b000 	/System/Library/PrivateFrameworks/AppServerSupport.framework/Versions/A/AppServerSupport
0x00000001b07cc000 	/System/Library/PrivateFrameworks/perfdata.framework/Versions/A/perfdata
0x00000001a3809000 	/System/Library/PrivateFrameworks/AudioToolboxCore.framework/Versions/A/AudioToolboxCore
0x00000001ab007000 	/System/Library/PrivateFrameworks/caulk.framework/Versions/A/caulk
0x00000001b0089000 	/usr/lib/libAudioStatistics.dylib
0x00000001c2491000 	/System/Library/PrivateFrameworks/SystemPolicy.framework/Versions/A/SystemPolicy
0x00000001b032b000 	/usr/lib/libSMC.dylib
0x00000001b8e65000 	/System/Library/Frameworks/CoreMIDI.framework/Versions/A/CoreMIDI
0x00000001aece6000 	/usr/lib/libAudioToolboxUtility.dylib
0x00000001be249000 	/System/Library/PrivateFrameworks/OSAServicesClient.framework/Versions/A/OSAServicesClient
0x00000001b07d9000 	/usr/lib/libperfcheck.dylib
0x00000001add79000 	/System/Library/PrivateFrameworks/PlugInKit.framework/Versions/A/PlugInKit
0x00000001ac766000 	/System/Library/PrivateFrameworks/AssertionServices.framework/Versions/A/AssertionServices
0x00000001eff4a000 	/System/Library/Frameworks/OpenGL.framework/Versions/A/Libraries/libGLU.dylib
0x00000001eff09000 	/System/Library/Frameworks/OpenGL.framework/Versions/A/Libraries/libGFXShared.dylib
0x00000001f00f0000 	/System/Library/Frameworks/OpenGL.framework/Versions/A/Libraries/libGL.dylib
0x00000001eff12000 	/System/Library/Frameworks/OpenGL.framework/Versions/A/Libraries/libGLImage.dylib
0x00000001eff06000 	/System/Library/Frameworks/OpenGL.framework/Versions/A/Libraries/libCVMSPluginSupport.dylib
0x0000000228f03000 	/usr/lib/libRosetta.dylib
0x00000001efeef000 	/System/Library/Frameworks/OpenGL.framework/Versions/A/Libraries/libCoreVMClient.dylib
0x00000001abce9000 	/System/Library/Frameworks/MetalPerformanceShaders.framework/Versions/A/Frameworks/MPSCore.framework/Versions/A/MPSCore
0x00000001acdc3000 	/System/Library/Frameworks/MetalPerformanceShaders.framework/Versions/A/Frameworks/MPSImage.framework/Versions/A/MPSImage
0x00000001ac8e7000 	/System/Library/Frameworks/MetalPerformanceShaders.framework/Versions/A/Frameworks/MPSNeuralNetwork.framework/Versions/A/MPSNeuralNetwork
0x00000001accd3000 	/System/Library/Frameworks/MetalPerformanceShaders.framework/Versions/A/Frameworks/MPSMatrix.framework/Versions/A/MPSMatrix
0x00000001acae5000 	/System/Library/Frameworks/MetalPerformanceShaders.framework/Versions/A/Frameworks/MPSRayIntersector.framework/Versions/A/MPSRayIntersector
0x00000001acd01000 	/System/Library/Frameworks/MetalPerformanceShaders.framework/Versions/A/Frameworks/MPSNDArray.framework/Versions/A/MPSNDArray
0x0000000206836000 	/System/Library/Frameworks/MetalPerformanceShaders.framework/Versions/A/Frameworks/MPSFunctions.framework/Versions/A/MPSFunctions
0x00000001a235d000 	/System/Library/PrivateFrameworks/MetalTools.framework/Versions/A/MetalTools
0x00000001abd6a000 	/System/Library/PrivateFrameworks/AggregateDictionary.framework/Versions/A/AggregateDictionary
0x00000001adc32000 	/usr/lib/libIOReport.dylib
0x00000001b805b000 	/System/Library/PrivateFrameworks/ASEProcessing.framework/Versions/A/ASEProcessing
0x00000001adfe9000 	/System/Library/PrivateFrameworks/GraphVisualizer.framework/Versions/A/GraphVisualizer
0x000000021085d000 	/System/Library/PrivateFrameworks/FontServices.framework/Versions/A/FontServices
0x00000001ae409000 	/System/Library/PrivateFrameworks/OTSVG.framework/Versions/A/OTSVG
0x00000001a9631000 	/System/Library/Frameworks/ApplicationServices.framework/Versions/A/Frameworks/ATS.framework/Versions/A/Resources/libFontRegistry.dylib
0x00000001ae455000 	/System/Library/PrivateFrameworks/FontServices.framework/libhvf.dylib
0x000000021085e000 	/System/Library/PrivateFrameworks/FontServices.framework/libXTFontStaticRegistryData.dylib
0x0000000222282000 	/System/Library/PrivateFrameworks/VideoToolboxParavirtualizationSupport.framework/Versions/A/VideoToolboxParavirtualizationSupport
0x00000001ade42000 	/System/Library/PrivateFrameworks/AppleVA.framework/Versions/A/AppleVA
0x00000001b00c9000 	/System/Library/Frameworks/ApplicationServices.framework/Versions/A/Frameworks/ATS.framework/Versions/A/ATS
0x00000001a73cd000 	/System/Library/Frameworks/ApplicationServices.framework/Versions/A/Frameworks/HIServices.framework/Versions/A/HIServices
0x00000001aee3f000 	/System/Library/Frameworks/ApplicationServices.framework/Versions/A/Frameworks/PrintCore.framework/Versions/A/PrintCore
0x00000001b0484000 	/System/Library/Frameworks/ApplicationServices.framework/Versions/A/Frameworks/QD.framework/Versions/A/QD
0x00000001b0478000 	/System/Library/Frameworks/ApplicationServices.framework/Versions/A/Frameworks/ColorSyncLegacy.framework/Versions/A/ColorSyncLegacy
0x00000001b009d000 	/System/Library/Frameworks/ApplicationServices.framework/Versions/A/Frameworks/SpeechSynthesis.framework/Versions/A/SpeechSynthesis
0x00000001aedfd000 	/System/Library/Frameworks/ApplicationServices.framework/Versions/A/Frameworks/ATSUI.framework/Versions/A/ATSUI
0x00000001b040b000 	/usr/lib/libcups.2.dylib
0x00000001b07e7000 	/System/Library/Frameworks/Kerberos.framework/Versions/A/Kerberos
0x00000001b07f8000 	/System/Library/Frameworks/GSS.framework/Versions/A/GSS
0x00000001b013b000 	/usr/lib/libresolv.9.dylib
0x00000001ae465000 	/System/Library/PrivateFrameworks/Heimdal.framework/Versions/A/Heimdal
0x00000001b711a000 	/System/Library/Frameworks/Kerberos.framework/Versions/A/Libraries/libHeimdalProxy.dylib
0x00000001b0848000 	/System/Library/PrivateFrameworks/CommonAuth.framework/Versions/A/CommonAuth
0x00000001f1148000 	/System/Library/Frameworks/AVFAudio.framework/Versions/A/AVFAudio
0x00000001be298000 	/System/Library/PrivateFrameworks/AXCoreUtilities.framework/Versions/A/AXCoreUtilities
0x00000001b0015000 	/System/Library/PrivateFrameworks/AudioSession.framework/Versions/A/AudioSession
0x00000001b1597000 	/System/Library/Frameworks/IOBluetooth.framework/Versions/A/IOBluetooth
0x00000001adf43000 	/System/Library/PrivateFrameworks/MediaExperience.framework/Versions/A/MediaExperience
0x00000001afeb0000 	/System/Library/PrivateFrameworks/AudioSession.framework/libSessionUtility.dylib
0x00000001b0490000 	/System/Library/PrivateFrameworks/AudioResourceArbitration.framework/Versions/A/AudioResourceArbitration
0x00000001b446a000 	/System/Library/PrivateFrameworks/PowerLog.framework/Versions/A/PowerLog
0x00000001b43ad000 	/System/Library/Frameworks/CoreBluetooth.framework/Versions/A/CoreBluetooth
0x00000001b711b000 	/System/Library/Frameworks/AudioUnit.framework/Versions/A/AudioUnit
0x00000001ac5c9000 	/System/Library/PrivateFrameworks/CoreUtils.framework/Versions/A/CoreUtils
0x000000020f292000 	/System/Library/PrivateFrameworks/CoreUtilsExtras.framework/Versions/A/CoreUtilsExtras
0x0000000213f94000 	/System/Library/PrivateFrameworks/IO80211.framework/Versions/A/IO80211
0x00000001adeb3000 	/System/Library/PrivateFrameworks/IconFoundation.framework/Versions/A/IconFoundation
0x00000001b347d000 	/System/Library/PrivateFrameworks/SpeechRecognitionCore.framework/Versions/A/SpeechRecognitionCore
0x0000000159010000 	/Library/Java/JavaVirtualMachines/jdk-19.jdk/Contents/Home/lib/server/libjvm.dylib
0x000000010e3dc000 	/Library/Java/JavaVirtualMachines/jdk-19.jdk/Contents/Home/lib/libjimage.dylib
0x000000011ff6c000 	/Library/Java/JavaVirtualMachines/jdk-19.jdk/Contents/Home/lib/libjava.dylib
0x000000011ffa0000 	/Library/Java/JavaVirtualMachines/jdk-19.jdk/Contents/Home/lib/libnio.dylib
0x000000011ffc0000 	/Library/Java/JavaVirtualMachines/jdk-19.jdk/Contents/Home/lib/libnet.dylib
0x000000012fd40000 	/Library/Java/JavaVirtualMachines/jdk-19.jdk/Contents/Home/lib/libzip.dylib
0x000000012feec000 	/Library/Java/JavaVirtualMachines/jdk-19.jdk/Contents/Home/lib/libawt.dylib
0x0000000158400000 	/Library/Java/JavaVirtualMachines/jdk-19.jdk/Contents/Home/lib/libmlib_image.dylib
0x0000000205a55000 	/System/Library/Frameworks/JavaRuntimeSupport.framework/Versions/A/JavaRuntimeSupport
0x00000001c1ea9000 	/System/Library/Frameworks/Carbon.framework/Versions/A/Carbon
0x00000001b545b000 	/System/Library/PrivateFrameworks/CoreSymbolication.framework/Versions/A/CoreSymbolication
0x00000001babc7000 	/System/Library/Frameworks/Carbon.framework/Versions/A/Frameworks/CommonPanels.framework/Versions/A/CommonPanels
0x00000001b6aaf000 	/System/Library/Frameworks/Carbon.framework/Versions/A/Frameworks/Help.framework/Versions/A/Help
0x00000001babcb000 	/System/Library/Frameworks/Carbon.framework/Versions/A/Frameworks/ImageCapture.framework/Versions/A/ImageCapture
0x00000001bab97000 	/System/Library/Frameworks/Carbon.framework/Versions/A/Frameworks/OpenScripting.framework/Versions/A/OpenScripting
0x00000001babc3000 	/System/Library/Frameworks/Carbon.framework/Versions/A/Frameworks/Ink.framework/Versions/A/Ink
0x00000001c1ea5000 	/System/Library/Frameworks/Carbon.framework/Versions/A/Frameworks/Print.framework/Versions/A/Print
0x00000001babbf000 	/System/Library/Frameworks/Carbon.framework/Versions/A/Frameworks/SecurityHI.framework/Versions/A/SecurityHI
0x00000001b541c000 	/System/Library/PrivateFrameworks/DebugSymbols.framework/Versions/A/DebugSymbols
0x0000000158590000 	/Library/Java/JavaVirtualMachines/jdk-19.jdk/Contents/Home/lib/libawt_lwawt.dylib
0x000000012fe68000 	/Library/Java/JavaVirtualMachines/jdk-19.jdk/Contents/Home/lib/libosxapp.dylib
0x00000001c0fe9000 	/System/Library/Frameworks/ExceptionHandling.framework/Versions/A/ExceptionHandling
0x0000000158868000 	/Library/Java/JavaVirtualMachines/jdk-19.jdk/Contents/Home/lib/libfontmanager.dylib
0x00000001586b4000 	/Library/Java/JavaVirtualMachines/jdk-19.jdk/Contents/Home/lib/libfreetype.dylib
0x00000001f0365000 	/System/Library/Extensions/AGXMetal13_3.bundle/Contents/MacOS/AGXMetal13_3
0x00000001c3069000 	/System/Library/PrivateFrameworks/GPURawCounter.framework/Versions/A/GPURawCounter
0x00000001bd35b000 	/System/Library/PrivateFrameworks/IOGPU.framework/Versions/A/IOGPU
0x000000015854c000 	/Library/Frameworks/Python.framework/Versions/3.11/lib/python3.11/site-packages/matplotlib/_c_internal_utils.cpython-311-darwin.so
0x0000000158b74000 	/Library/Frameworks/Python.framework/Versions/3.11/lib/python3.11/site-packages/matplotlib/_path.cpython-311-darwin.so
0x0000000169dd8000 	/Library/Frameworks/Python.framework/Versions/3.11/lib/python3.11/site-packages/matplotlib/ft2font.cpython-311-darwin.so
0x0000000169d14000 	/Library/Frameworks/Python.framework/Versions/3.11/lib/python3.11/site-packages/kiwisolver/_cext.cpython-311-darwin.so
0x0000000169d50000 	/Library/Frameworks/Python.framework/Versions/3.11/lib/python3.11/site-packages/matplotlib/backends/_backend_agg.cpython-311-darwin.so
0x0000000158ba0000 	/Library/Frameworks/Python.framework/Versions/3.11/lib/python3.11/site-packages/matplotlib/_image.cpython-311-darwin.so
0x0000000169e9c000 	/Library/Frameworks/Python.framework/Versions/3.11/lib/python3.11/site-packages/line_profiler/_line_profiler.cpython-311-darwin.so
0x0000000283204000 	/Library/Frameworks/Python.framework/Versions/3.11/lib/python3.11/site-packages/objc/_objc.cpython-311-darwin.so
0x000000015857c000 	/usr/lib/libffi-trampolines.dylib
0x000000015855c000 	/Library/Frameworks/Python.framework/Versions/3.11/lib/python3.11/site-packages/CoreFoundation/_CoreFoundation.cpython-311-darwin.so
0x000000015884c000 	/Library/Frameworks/Python.framework/Versions/3.11/lib/python3.11/site-packages/CoreFoundation/_inlines.cpython-311-darwin.so
0x0000000169d90000 	/Library/Frameworks/Python.framework/Versions/3.11/lib/python3.11/site-packages/Foundation/_Foundation.cpython-311-darwin.so
0x0000000158be8000 	/Library/Frameworks/Python.framework/Versions/3.11/lib/python3.11/site-packages/Foundation/_inlines.cpython-311-darwin.so
0x000000017abb0000 	/Library/Frameworks/Python.framework/Versions/3.11/lib/python3.11/site-packages/AppKit/_AppKit.cpython-311-darwin.so
0x0000000159000000 	/Library/Frameworks/Python.framework/Versions/3.11/lib/python3.11/site-packages/AppKit/_inlines.cpython-311-darwin.so
0x00000001b46ba000 	/System/Library/Frameworks/FileProvider.framework/Versions/A/FileProvider
0x00000001a7de3000 	/System/Library/Frameworks/Accounts.framework/Versions/A/Accounts
0x00000001a9b1c000 	/System/Library/PrivateFrameworks/UserManagement.framework/Versions/A/UserManagement
0x00000001b4841000 	/System/Library/PrivateFrameworks/GenerationalStorage.framework/Versions/A/GenerationalStorage
0x00000001b445e000 	/System/Library/PrivateFrameworks/SymptomDiagnosticReporter.framework/Versions/A/SymptomDiagnosticReporter
0x00000001a5f6e000 	/System/Library/PrivateFrameworks/DesktopServicesPriv.framework/Versions/A/DesktopServicesPriv
0x00000001a4e5a000 	/usr/lib/libsandbox.1.dylib
0x00000001b046b000 	/System/Library/PrivateFrameworks/NetAuth.framework/Versions/A/NetAuth
0x00000001b140f000 	/System/Library/PrivateFrameworks/Sharing.framework/Versions/A/Sharing
0x00000001a9ae0000 	/System/Library/PrivateFrameworks/login.framework/Versions/A/Frameworks/loginsupport.framework/Versions/A/loginsupport
0x00000001b6658000 	/System/Library/PrivateFrameworks/Apple80211.framework/Versions/A/Apple80211
0x00000001acea4000 	/System/Library/PrivateFrameworks/AuthKit.framework/Versions/A/AuthKit
0x00000001ac54b000 	/System/Library/Frameworks/CoreWLAN.framework/Versions/A/CoreWLAN
0x00000001b665c000 	/System/Library/PrivateFrameworks/CoreWiFi.framework/Versions/A/CoreWiFi
0x00000001e4bfe000 	/System/Library/PrivateFrameworks/WiFiPeerToPeer.framework/Versions/A/WiFiPeerToPeer
0x00000001b4fd6000 	/System/Library/PrivateFrameworks/FrontBoardServices.framework/Versions/A/FrontBoardServices
0x00000001b5071000 	/System/Library/PrivateFrameworks/BoardServices.framework/Versions/A/BoardServices
0x00000001b67b6000 	/System/Library/PrivateFrameworks/BackBoardServices.framework/Versions/A/BackBoardServices
0x00000001acff7000 	/System/Library/Frameworks/UserNotifications.framework/Versions/A/UserNotifications
0x00000001b0941000 	/System/Library/PrivateFrameworks/CorePhoneNumbers.framework/Versions/A/CorePhoneNumbers
0x00000001b0168000 	/System/Library/PrivateFrameworks/MultiverseSupport.framework/Versions/A/MultiverseSupport
0x00000001b6a3f000 	/System/Library/PrivateFrameworks/RemoteServiceDiscovery.framework/Versions/A/RemoteServiceDiscovery
0x00000001b458a000 	/System/Library/PrivateFrameworks/DiskManagement.framework/Versions/A/DiskManagement
0x00000001b4491000 	/System/Library/PrivateFrameworks/AppleIDAuthSupport.framework/Versions/A/AppleIDAuthSupport
0x0000000209544000 	/System/Library/PrivateFrameworks/AAAFoundation.framework/Versions/A/AAAFoundation
0x00000001b0919000 	/System/Library/PrivateFrameworks/KeychainCircle.framework/Versions/A/KeychainCircle
0x00000001b6a53000 	/System/Library/PrivateFrameworks/RemoteXPC.framework/Versions/A/RemoteXPC
0x00000001b4556000 	/System/Library/PrivateFrameworks/MediaKit.framework/Versions/A/MediaKit
0x00000001b449e000 	/System/Library/Frameworks/DiscRecording.framework/Versions/A/DiscRecording
0x00000001addbe000 	/usr/lib/libCoreStorage.dylib
0x00000001b6abb000 	/usr/lib/libcsfde.dylib
0x00000001b166c000 	/System/Library/PrivateFrameworks/ProtectedCloudStorage.framework/Versions/A/ProtectedCloudStorage
0x00000001b6ab3000 	/System/Library/PrivateFrameworks/EFILogin.framework/Versions/A/EFILogin
0x00000001b4867000 	/System/Library/PrivateFrameworks/OctagonTrust.framework/Versions/A/OctagonTrust
0x00000001addb6000 	/usr/lib/libMatch.1.dylib
0x000000017ffa4000 	/private/var/folders/_7/qkbk89t113jgsjl7h86v5chm0000gn/T/processing11576934065870290299different/libDifferent.jnilib
0x0000000228c5b000 	/usr/lib/libAccessibilityBaseImplementations.dylib
0x00000001a97c9000 	/System/Library/PrivateFrameworks/ViewBridge.framework/Versions/A/ViewBridge
0x0000000281aa4000 	/Library/Java/JavaVirtualMachines/jdk-19.jdk/Contents/Home/lib/libosxui.dylib
0x0000000209d4f000 	/System/Library/PrivateFrameworks/AccessibilityBundles.framework/Versions/A/AccessibilityBundles
0x00000001be2ba000 	/usr/lib/libAccessibility.dylib
0x00000001b3b6b000 	/System/Library/Frameworks/MediaAccessibility.framework/Versions/A/MediaAccessibility
0x00000001c78e0000 	/System/Library/Frameworks/Accelerate.framework/Versions/A/Frameworks/vImage.framework/Versions/A/Libraries/libCGInterfaces.dylib
0x0000000281abc000 	/Library/Java/JavaVirtualMachines/jdk-19.jdk/Contents/Home/lib/libmanagement.dylib
0x0000000281ad0000 	/Library/Java/JavaVirtualMachines/jdk-19.jdk/Contents/Home/lib/libmanagement_ext.dylib
0x000000017ffe8000 	/usr/lib/libobjc-trampolines.dylib
0x00000001ae528000 	/System/Library/PrivateFrameworks/login.framework/Versions/A/login


VM Arguments:
java_command: <unknown>
java_class_path (initial): /Library/Frameworks/Python.framework/Versions/3.11/lib/python3.11/site-packages/py5/jars/py5.jar:/Library/Frameworks/Python.framework/Versions/3.11/lib/python3.11/site-packages/py5/jars/jogl-all.jar:/Library/Frameworks/Python.framework/Versions/3.11/lib/python3.11/site-packages/py5/jars/gluegen-rt.jar:/Library/Frameworks/Python.framework/Versions/3.11/lib/python3.11/site-packages/py5/jars/core.jar:/Library/Frameworks/Python.framework/Versions/3.11/lib/python3.11/site-packages/py5/jars/svg/batik.jar:/Library/Frameworks/Python.framework/Versions/3.11/lib/python3.11/site-packages/py5/jars/svg/svg.jar:/Library/Frameworks/Python.framework/Versions/3.11/lib/python3.11/site-packages/py5/jars/pdf/itext.jar:/Library/Frameworks/Python.framework/Versions/3.11/lib/python3.11/site-packages/py5/jars/pdf/pdf.jar:/Library/Frameworks/Python.framework/Versions/3.11/lib/python3.11/site-packages/py5/jars/dxf/dxf.jar
Launcher Type: generic

[Global flags]
     intx CICompilerCount                          = 4                                         {product} {ergonomic}
     uint ConcGCThreads                            = 2                                         {product} {ergonomic}
     uint G1ConcRefinementThreads                  = 8                                         {product} {ergonomic}
   size_t G1HeapRegionSize                         = 1048576                                   {product} {ergonomic}
    uintx GCDrainStackTargetSize                   = 64                                        {product} {ergonomic}
   size_t InitialHeapSize                          = 134217728                                 {product} {ergonomic}
   size_t MarkStackSize                            = 4194304                                   {product} {ergonomic}
   size_t MaxHeapSize                              = 2147483648                                {product} {ergonomic}
   size_t MaxNewSize                               = 1287651328                                {product} {ergonomic}
   size_t MinHeapDeltaBytes                        = 1048576                                   {product} {ergonomic}
   size_t MinHeapSize                              = 8388608                                   {product} {ergonomic}
    uintx NonNMethodCodeHeapSize                   = 5839564                                {pd product} {ergonomic}
    uintx NonProfiledCodeHeapSize                  = 122909338                              {pd product} {ergonomic}
    uintx ProfiledCodeHeapSize                     = 122909338                              {pd product} {ergonomic}
    uintx ReservedCodeCacheSize                    = 251658240                              {pd product} {ergonomic}
     bool SegmentedCodeCache                       = true                                      {product} {ergonomic}
   size_t SoftMaxHeapSize                          = 2147483648                             {manageable} {ergonomic}
     bool UseCompressedClassPointers               = true                           {product lp64_product} {ergonomic}
     bool UseCompressedOops                        = true                           {product lp64_product} {ergonomic}
     bool UseG1GC                                  = true                                      {product} {ergonomic}
     bool UseNUMA                                  = false                                     {product} {ergonomic}
     bool UseNUMAInterleaving                      = false                                     {product} {ergonomic}

Logging:
Log output configuration:
 #0: stdout all=warning uptime,level,tags foldmultilines=false
 #1: stderr all=off uptime,level,tags foldmultilines=false

Environment Variables:
PATH=/Users/bujank/.rbenv/shims:/opt/local/bin:/opt/local/sbin:/Library/Frameworks/Python.framework/Versions/3.11/bin:/opt/homebrew/bin:/opt/homebrew/sbin:/usr/local/bin:/System/Cryptexes/App/usr/bin:/usr/bin:/bin:/usr/sbin:/sbin:/opt/X11/bin:/Library/Apple/usr/bin:/Library/Frameworks/Mono.framework/Versions/Current/Commands:/Applications/Wireshark.app/Contents/MacOS:/Users/bujank/.rvm/bin
SHELL=/bin/zsh
DISPLAY=/private/tmp/com.apple.launchd.B0vZIIOrnv/org.xquartz:0
LC_CTYPE=UTF-8
TERM=xterm-256color
TMPDIR=/var/folders/_7/qkbk89t113jgsjl7h86v5chm0000gn/T/

Active Locale:
LC_ALL=C/en_US.UTF-8/C/C/C/C
LC_COLLATE=C
LC_CTYPE=en_US.UTF-8
LC_MESSAGES=C
LC_MONETARY=C
LC_NUMERIC=C
LC_TIME=C

Signal Handlers:
   SIGSEGV: crash_handler in libjvm.dylib, mask=11100110000111110111111111111111, flags=SA_RESTART|SA_SIGINFO
    SIGBUS: crash_handler in libjvm.dylib, mask=11100110000111110111111111111111, flags=SA_RESTART|SA_SIGINFO
    SIGFPE: crash_handler in libjvm.dylib, mask=11100110000111110111111111111111, flags=SA_RESTART|SA_SIGINFO
   SIGPIPE: javaSignalHandler in libjvm.dylib, mask=11100110000111110111111111111111, flags=SA_RESTART|SA_SIGINFO
   SIGXFSZ: javaSignalHandler in libjvm.dylib, mask=11100110000111110111111111111111, flags=SA_RESTART|SA_SIGINFO
    SIGILL: crash_handler in libjvm.dylib, mask=11100110000111110111111111111111, flags=SA_RESTART|SA_SIGINFO
   SIGUSR2: SR_handler in libjvm.dylib, mask=00000000000000000000000000000000, flags=SA_RESTART|SA_SIGINFO
    SIGHUP: UserHandler in libjvm.dylib, mask=11100110000111110111111111111111, flags=SA_RESTART|SA_SIGINFO
    SIGINT: UserHandler in libjvm.dylib, mask=11100110000111110111111111111111, flags=SA_RESTART|SA_SIGINFO
   SIGTERM: UserHandler in libjvm.dylib, mask=11100110000111110111111111111111, flags=SA_RESTART|SA_SIGINFO
   SIGQUIT: UserHandler in libjvm.dylib, mask=11100110000111110111111111111111, flags=SA_RESTART|SA_SIGINFO
   SIGTRAP: crash_handler in libjvm.dylib, mask=11100110000111110111111111111111, flags=SA_RESTART|SA_SIGINFO


---------------  S Y S T E M  ---------------

OS:
uname: Darwin 22.1.0 Darwin Kernel Version 22.1.0: Sun Oct  9 20:14:30 PDT 2022; root:xnu-8792.41.9~2/RELEASE_ARM64_T8103 arm64
OS uptime: 141 days 22:24 hours
rlimit (soft/hard): STACK 8176k/65520k , CORE 0k/infinity , NPROC 1333/2000 , NOFILE 10240/infinity , AS infinity/infinity , CPU infinity/infinity , DATA infinity/infinity , FSIZE infinity/infinity , MEMLOCK infinity/infinity , RSS infinity/infinity
load average: 3.37 4.25 4.75

CPU: total 8 (initial active 8) 0x61:0x0:0x1b588bb3:0, fp, simd, aes, pmull, crc32, lse

Memory: 16k page, physical 8388608k(145200k free), swap 11534336k(393280k free)

vm_info: Java HotSpot(TM) 64-Bit Server VM (19.0.1+10-21) for bsd-aarch64 JRE (19.0.1+10-21), built on 2022-09-14T12:45:06Z by "mach5one" with clang Apple LLVM 12.0.0 (clang-1200.0.32.29)

END.
